#
# There is insufficient memory for the Java Runtime Environment to continue.
# Native memory allocation (malloc) failed to allocate 496512 bytes for Chunk::new
# Possible reasons:
#   The system is out of physical RAM or swap space
#   In 32 bit mode, the process size limit was hit
# Possible solutions:
#   Reduce memory load on the system
#   Increase physical memory or swap space
#   Check if swap backing store is full
#   Use 64 bit Java on a 64 bit OS
#   Decrease Java heap size (-Xmx/-Xms)
#   Decrease number of Java threads
#   Decrease Java thread stack sizes (-Xss)
#   Set larger code cache with -XX:ReservedCodeCacheSize=
# This output file may be truncated or incomplete.
#
#  Out of Memory Error (allocation.cpp:390), pid=13820, tid=14164
#
# JRE version: Java(TM) SE Runtime Environment (8.0_65-b17) (build 1.8.0_65-b17)
# Java VM: Java HotSpot(TM) 64-Bit Server VM (25.65-b01 mixed mode windows-amd64 compressed oops)
# Failed to write core dump. Minidumps are not enabled by default on client versions of Windows
#

---------------  T H R E A D  ---------------

Current thread (0x0000000014aba800):  JavaThread "C2 CompilerThread1" daemon [_thread_in_native, id=14164, stack(0x00000000161b0000,0x00000000162b0000)]

Stack: [0x00000000161b0000,0x00000000162b0000]
[error occurred during error reporting (printing stack bounds), id 0xc0000005]

Native frames: (J=compiled Java code, j=interpreted, Vv=VM code, C=native code)


Current CompileTask:
C2:   6710 1664       4       com.android.dx.ssa.SCCP::simulateBlock (54 bytes)


---------------  P R O C E S S  ---------------

Java Threads: ( => current thread )
  0x000000001660e800 JavaThread "pool-1-thread-4" [_thread_blocked, id=4988, stack(0x0000000016db0000,0x0000000016eb0000)]
  0x000000001660d800 JavaThread "pool-1-thread-3" [_thread_blocked, id=12948, stack(0x0000000016cb0000,0x0000000016db0000)]
  0x000000001660c800 JavaThread "pool-1-thread-2" [_thread_blocked, id=8444, stack(0x0000000016bb0000,0x0000000016cb0000)]
  0x000000001660a000 JavaThread "pool-2-thread-1" [_thread_blocked, id=9540, stack(0x0000000016ab0000,0x0000000016bb0000)]
  0x0000000016637000 JavaThread "pool-1-thread-1" [_thread_blocked, id=1380, stack(0x00000000169b0000,0x0000000016ab0000)]
  0x00000000163b6000 JavaThread "Service Thread" daemon [_thread_blocked, id=724, stack(0x00000000167b0000,0x00000000168b0000)]
  0x0000000014abd800 JavaThread "C1 CompilerThread2" daemon [_thread_blocked, id=7408, stack(0x00000000162b0000,0x00000000163b0000)]
=>0x0000000014aba800 JavaThread "C2 CompilerThread1" daemon [_thread_in_native, id=14164, stack(0x00000000161b0000,0x00000000162b0000)]
  0x0000000014a5b800 JavaThread "C2 CompilerThread0" daemon [_thread_in_native, id=14308, stack(0x00000000160b0000,0x00000000161b0000)]
  0x0000000014a58800 JavaThread "Attach Listener" daemon [_thread_blocked, id=13980, stack(0x0000000015fb0000,0x00000000160b0000)]
  0x0000000014a57000 JavaThread "Signal Dispatcher" daemon [_thread_blocked, id=11640, stack(0x0000000015eb0000,0x0000000015fb0000)]
  0x0000000002381000 JavaThread "Finalizer" daemon [_thread_blocked, id=9424, stack(0x0000000015cc0000,0x0000000015dc0000)]
  0x000000000237e000 JavaThread "Reference Handler" daemon [_thread_blocked, id=12672, stack(0x0000000015bc0000,0x0000000015cc0000)]
  0x00000000007dd800 JavaThread "main" [_thread_in_Java, id=11116, stack(0x0000000001fc0000,0x00000000020c0000)]

Other Threads:
  0x0000000014a28000 VMThread [stack: 0x0000000015ac0000,0x0000000015bc0000] [id=4636]
  0x00000000163c9800 WatcherThread [stack: 0x00000000168b0000,0x00000000169b0000] [id=12012]

VM state:not at safepoint (normal execution)

VM Mutex/Monitor currently owned by a thread: None

Heap:
 PSYoungGen      total 71680K, used 61781K [0x00000000eab00000, 0x00000000ef600000, 0x0000000100000000)
  eden space 66560K, 85% used [0x00000000eab00000,0x00000000ee257e30,0x00000000eec00000)
  from space 5120K, 99% used [0x00000000ef100000,0x00000000ef5fd968,0x00000000ef600000)
  to   space 5120K, 0% used [0x00000000eec00000,0x00000000eec00000,0x00000000ef100000)
 ParOldGen       total 87552K, used 5303K [0x00000000c0000000, 0x00000000c5580000, 0x00000000eab00000)
  object space 87552K, 6% used [0x00000000c0000000,0x00000000c052dc98,0x00000000c5580000)
 Metaspace       used 6263K, capacity 7152K, committed 7296K, reserved 1056768K
  class space    used 603K, capacity 616K, committed 640K, reserved 1048576K

Card table byte_map: [0x0000000011750000,0x0000000011960000] byte_map_base: 0x0000000011150000

Marking Bits: (ParMarkBitMap*) 0x0000000062e3a5b0
 Begin Bits: [0x0000000011ec0000, 0x0000000012ec0000)
 End Bits:   [0x0000000012ec0000, 0x0000000013ec0000)

Polling page: 0x00000000007b0000

CodeCache: size=245760Kb used=6935Kb max_used=6950Kb free=238825Kb
 bounds [0x0000000002390000, 0x0000000002a60000, 0x0000000011390000]
 total_blobs=1930 nmethods=1660 adapters=182
 compilation: enabled

Compilation events (10 events):
Event: 6.558 Thread 0x0000000014abd800 1681       2       java.util.Arrays::copyOf (19 bytes)
Event: 6.558 Thread 0x0000000014abd800 nmethod 1681 0x0000000002a4dfd0 code [0x0000000002a4e140, 0x0000000002a4e3a8]
Event: 6.560 Thread 0x0000000014abd800 1683       2       com.android.dx.cf.code.LocalVariableList::itemToLocal (47 bytes)
Event: 6.561 Thread 0x0000000014abd800 nmethod 1683 0x0000000002a4da10 code [0x0000000002a4dba0, 0x0000000002a4de38]
Event: 6.586 Thread 0x0000000014abd800 1685       2       com.android.dx.rop.cst.CstString::<init> (42 bytes)
Event: 6.587 Thread 0x0000000014abd800 nmethod 1685 0x0000000002a4d390 code [0x0000000002a4d520, 0x0000000002a4d838]
Event: 6.692 Thread 0x0000000014abd800 1686       2       com.android.dx.cf.code.LocalVariableList::get (9 bytes)
Event: 6.693 Thread 0x0000000014abd800 nmethod 1686 0x0000000002a4cfd0 code [0x0000000002a4d140, 0x0000000002a4d2e8]
Event: 6.693 Thread 0x0000000014abd800 1687       2       com.android.dx.cf.code.LocalVariableList::set (21 bytes)
Event: 6.693 Thread 0x0000000014abd800 nmethod 1687 0x0000000002a4c390 code [0x0000000002a4c540, 0x0000000002a4ca58]

GC Heap History (4 events):
Event: 5.364 GC heap before
{Heap before GC invocations=1 (full 0):
 PSYoungGen      total 38400K, used 33280K [0x00000000eab00000, 0x00000000ed580000, 0x0000000100000000)
  eden space 33280K, 100% used [0x00000000eab00000,0x00000000ecb80000,0x00000000ecb80000)
  from space 5120K, 0% used [0x00000000ed080000,0x00000000ed080000,0x00000000ed580000)
  to   space 5120K, 0% used [0x00000000ecb80000,0x00000000ecb80000,0x00000000ed080000)
 ParOldGen       total 87552K, used 0K [0x00000000c0000000, 0x00000000c5580000, 0x00000000eab00000)
  object space 87552K, 0% used [0x00000000c0000000,0x00000000c0000000,0x00000000c5580000)
 Metaspace       used 6013K, capacity 6960K, committed 7040K, reserved 1056768K
  class space    used 602K, capacity 616K, committed 640K, reserved 1048576K
Event: 5.422 GC heap after
Heap after GC invocations=1 (full 0):
 PSYoungGen      total 38400K, used 5112K [0x00000000eab00000, 0x00000000ef600000, 0x0000000100000000)
  eden space 33280K, 0% used [0x00000000eab00000,0x00000000eab00000,0x00000000ecb80000)
  from space 5120K, 99% used [0x00000000ecb80000,0x00000000ed07e2c8,0x00000000ed080000)
  to   space 5120K, 0% used [0x00000000ef100000,0x00000000ef100000,0x00000000ef600000)
 ParOldGen       total 87552K, used 963K [0x00000000c0000000, 0x00000000c5580000, 0x00000000eab00000)
  object space 87552K, 1% used [0x00000000c0000000,0x00000000c00f0e38,0x00000000c5580000)
 Metaspace       used 6013K, capacity 6960K, committed 7040K, reserved 1056768K
  class space    used 602K, capacity 616K, committed 640K, reserved 1048576K
}
Event: 5.958 GC heap before
{Heap before GC invocations=2 (full 0):
 PSYoungGen      total 38400K, used 38392K [0x00000000eab00000, 0x00000000ef600000, 0x0000000100000000)
  eden space 33280K, 100% used [0x00000000eab00000,0x00000000ecb80000,0x00000000ecb80000)
  from space 5120K, 99% used [0x00000000ecb80000,0x00000000ed07e2c8,0x00000000ed080000)
  to   space 5120K, 0% used [0x00000000ef100000,0x00000000ef100000,0x00000000ef600000)
 ParOldGen       total 87552K, used 963K [0x00000000c0000000, 0x00000000c5580000, 0x00000000eab00000)
  object space 87552K, 1% used [0x00000000c0000000,0x00000000c00f0e38,0x00000000c5580000)
 Metaspace       used 6193K, capacity 7088K, committed 7296K, reserved 1056768K
  class space    used 602K, capacity 616K, committed 640K, reserved 1048576K
Event: 5.991 GC heap after
Heap after GC invocations=2 (full 0):
 PSYoungGen      total 71680K, used 5110K [0x00000000eab00000, 0x00000000ef600000, 0x0000000100000000)
  eden space 66560K, 0% used [0x00000000eab00000,0x00000000eab00000,0x00000000eec00000)
  from space 5120K, 99% used [0x00000000ef100000,0x00000000ef5fd968,0x00000000ef600000)
  to   space 5120K, 0% used [0x00000000eec00000,0x00000000eec00000,0x00000000ef100000)
 ParOldGen       total 87552K, used 5303K [0x00000000c0000000, 0x00000000c5580000, 0x00000000eab00000)
  object space 87552K, 6% used [0x00000000c0000000,0x00000000c052dc98,0x00000000c5580000)
 Metaspace       used 6193K, capacity 7088K, committed 7296K, reserved 1056768K
  class space    used 602K, capacity 616K, committed 640K, reserved 1048576K
}

Deoptimization events (10 events):
Event: 5.007 Thread 0x0000000016637000 Uncommon trap: reason=unstable_if action=reinterpret pc=0x00000000026b8e6c method=com.android.dx.rop.code.RegisterSpecSet.put(Lcom/android/dx/rop/code/RegisterSpec;)V @ 77
Event: 5.007 Thread 0x0000000016637000 Uncommon trap: reason=unstable_if action=reinterpret pc=0x0000000002699a20 method=com.android.dx.rop.code.RegisterSpecSet.put(Lcom/android/dx/rop/code/RegisterSpec;)V @ 77
Event: 5.152 Thread 0x000000001660c800 Uncommon trap: reason=unstable_if action=reinterpret pc=0x0000000002651f60 method=com.android.dx.rop.code.RegisterSpec.equals(ILcom/android/dx/rop/type/TypeBearer;Lcom/android/dx/rop/code/LocalItem;)Z @ 42
Event: 5.586 Thread 0x000000001660d800 Uncommon trap: reason=unstable_if action=reinterpret pc=0x00000000028dd968 method=com.android.dx.ssa.SCCP.simulateBranch(Lcom/android/dx/ssa/SsaInsn;)V @ 107
Event: 5.812 Thread 0x000000001660d800 Uncommon trap: reason=uninitialized action=reinterpret pc=0x00000000029264b0 method=com.android.dx.cf.code.BytecodeArray.parseInstruction(ILcom/android/dx/cf/code/BytecodeArray$Visitor;)I @ 999
Event: 5.862 Thread 0x00000000007dd800 Uncommon trap: reason=unstable_if action=reinterpret pc=0x000000000261041c method=com.android.dx.rop.cst.Constant.compareTo(Lcom/android/dx/rop/cst/Constant;)I @ 12
Event: 6.068 Thread 0x000000001660e800 Uncommon trap: reason=unstable_if action=reinterpret pc=0x0000000002846ae4 method=com.android.dx.ssa.SCCP.simulateStmt(Lcom/android/dx/ssa/SsaInsn;)V @ 53
Event: 6.315 Thread 0x000000001660c800 Uncommon trap: reason=unstable_if action=reinterpret pc=0x000000000274153c method=com.android.dx.util.IntList.binarysearch(I)I @ 105
Event: 6.417 Thread 0x000000001660d800 Uncommon trap: reason=unstable_if action=reinterpret pc=0x0000000002a01434 method=com.android.dx.ssa.LiteralOpUpgrader$1.visitNonMoveInsn(Lcom/android/dx/ssa/NormalSsaInsn;)V @ 55
Event: 6.418 Thread 0x000000001660d800 Uncommon trap: reason=unstable_if action=reinterpret pc=0x0000000002714ddc method=com.android.dx.ssa.SsaMethod.updateOneDefinition(Lcom/android/dx/ssa/SsaInsn;Lcom/android/dx/rop/code/RegisterSpec;)V @ 4

Internal exceptions (2 events):
Event: 0.500 Thread 0x00000000007dd800 Exception <a 'java/lang/NoSuchMethodError': Method sun.misc.Unsafe.defineClass(Ljava/lang/String;[BII)Ljava/lang/Class; name or signature does not match> (0x00000000eab0d910) thrown at [C:\workspace\8-2-build-windows-amd64-cygwin\jdk8u65\4987\hotspot\src\sŽ.Š
Event: 0.500 Thread 0x00000000007dd800 Exception <a 'java/lang/NoSuchMethodError': Method sun.misc.Unsafe.prefetchRead(Ljava/lang/Object;J)V name or signature does not match> (0x00000000eab0dbf8) thrown at [C:\workspace\8-2-build-windows-amd64-cygwin\jdk8u65\4987\hotspot\src\share\vm\prims\jni.

Events (10 events):
Event: 6.364 Thread 0x00000000007dd800 DEOPT PACKING pc=0x00000000029f07a1 sp=0x00000000020be6d0
Event: 6.364 Thread 0x00000000007dd800 DEOPT UNPACKING pc=0x00000000023d787f sp=0x00000000020be490 mode 0
Event: 6.417 Thread 0x000000001660d800 Uncommon trap: trap_request=0xffffff65 fr.pc=0x0000000002a01434
Event: 6.417 Thread 0x000000001660d800 DEOPT PACKING pc=0x0000000002a01434 sp=0x0000000016dae920
Event: 6.417 Thread 0x000000001660d800 DEOPT UNPACKING pc=0x00000000023d582a sp=0x0000000016dae900 mode 2
Event: 6.417 loading class com/android/dx/rop/code/RegOps
Event: 6.418 loading class com/android/dx/rop/code/RegOps done
Event: 6.418 Thread 0x000000001660d800 Uncommon trap: trap_request=0xffffff65 fr.pc=0x0000000002714ddc
Event: 6.419 Thread 0x000000001660d800 DEOPT PACKING pc=0x0000000002714ddc sp=0x0000000016dae760
Event: 6.419 Thread 0x000000001660d800 DEOPT UNPACKING pc=0x00000000023d582a sp=0x0000000016dae708 mode 2


Dynamic libraries:
0x00007ff761180000 - 0x00007ff7611b7000 	C:\Program Files\Java\jdk1.8.0_65\bin\java.exe
0x00007ffe24fc0000 - 0x00007ffe25191000 	C:\WINDOWS\SYSTEM32\ntdll.dll
0x00007ffe229f0000 - 0x00007ffe22a9b000 	C:\WINDOWS\System32\KERNEL32.DLL
0x00007ffe21ff0000 - 0x00007ffe2220d000 	C:\WINDOWS\System32\KERNELBASE.dll
0x00007ffe24800000 - 0x00007ffe248a2000 	C:\WINDOWS\System32\ADVAPI32.dll
0x00007ffe22880000 - 0x00007ffe2291e000 	C:\WINDOWS\System32\msvcrt.dll
0x00007ffe23fb0000 - 0x00007ffe24009000 	C:\WINDOWS\System32\sechost.dll
0x00007ffe24a20000 - 0x00007ffe24b41000 	C:\WINDOWS\System32\RPCRT4.dll
0x00007ffe248b0000 - 0x00007ffe24a15000 	C:\WINDOWS\System32\USER32.dll
0x00007ffe21ed0000 - 0x00007ffe21eee000 	C:\WINDOWS\System32\win32u.dll
0x00007ffe24f80000 - 0x00007ffe24fb4000 	C:\WINDOWS\System32\GDI32.dll
0x00007ffe222b0000 - 0x00007ffe22432000 	C:\WINDOWS\System32\gdi32full.dll
0x00007ffe14610000 - 0x00007ffe1488a000 	C:\WINDOWS\WinSxS\amd64_microsoft.windows.common-controls_6595b64144ccf1df_6.0.14393.351_none_4213128bc687e6d3\COMCTL32.dll
0x00007ffe225b0000 - 0x00007ffe22877000 	C:\WINDOWS\System32\combase.dll
0x00007ffe21ef0000 - 0x00007ffe21fe5000 	C:\WINDOWS\System32\ucrtbase.dll
0x00007ffe21c40000 - 0x00007ffe21caa000 	C:\WINDOWS\System32\bcryptPrimitives.dll
0x00007ffe24170000 - 0x00007ffe2419e000 	C:\WINDOWS\System32\IMM32.DLL
0x0000000063510000 - 0x00000000635e2000 	C:\Program Files\Java\jdk1.8.0_65\jre\bin\msvcr100.dll
0x0000000062630000 - 0x0000000062eb9000 	C:\Program Files\Java\jdk1.8.0_65\jre\bin\server\jvm.dll
0x00007ffe24590000 - 0x00007ffe24598000 	C:\WINDOWS\System32\PSAPI.DLL
0x00007ffe13150000 - 0x00007ffe13159000 	C:\WINDOWS\SYSTEM32\WSOCK32.dll
0x00007ffe242f0000 - 0x00007ffe2435a000 	C:\WINDOWS\System32\WS2_32.dll
0x00007ffe1f750000 - 0x00007ffe1f773000 	C:\WINDOWS\SYSTEM32\WINMM.dll
0x00007ffe14c90000 - 0x00007ffe14c9a000 	C:\WINDOWS\SYSTEM32\VERSION.dll
0x00007ffe1f610000 - 0x00007ffe1f63b000 	C:\WINDOWS\SYSTEM32\WINMMBASE.dll
0x00007ffe21e80000 - 0x00007ffe21ec2000 	C:\WINDOWS\System32\cfgmgr32.dll
0x0000000063ef0000 - 0x0000000063eff000 	C:\Program Files\Java\jdk1.8.0_65\jre\bin\verify.dll
0x0000000063ec0000 - 0x0000000063ee9000 	C:\Program Files\Java\jdk1.8.0_65\jre\bin\java.dll
0x0000000063ea0000 - 0x0000000063eb6000 	C:\Program Files\Java\jdk1.8.0_65\jre\bin\zip.dll
0x00007ffe22aa0000 - 0x00007ffe23fa9000 	C:\WINDOWS\System32\SHELL32.dll
0x00007ffe214b0000 - 0x00007ffe21b8a000 	C:\WINDOWS\System32\windows.storage.dll
0x00007ffe21460000 - 0x00007ffe214ac000 	C:\WINDOWS\System32\powrprof.dll
0x00007ffe24010000 - 0x00007ffe24062000 	C:\WINDOWS\System32\shlwapi.dll
0x00007ffe21450000 - 0x00007ffe2145f000 	C:\WINDOWS\System32\kernel.appcore.dll
0x00007ffe21b90000 - 0x00007ffe21c39000 	C:\WINDOWS\System32\shcore.dll
0x00007ffe21420000 - 0x00007ffe21434000 	C:\WINDOWS\System32\profapi.dll

VM Arguments:
jvm_args: -Djava.awt.headless=true -Xmx1024M -Dfile.encoding=windows-1252 -Duser.country=US -Duser.language=en -Duser.variant 
java_command: com.android.dx.command.Main --dex --num-threads=4 --output C:\Transfer\Dropbox\androidstuff\miniSink2\app\build\intermediates\pre-dexed\debug\com.android.support-appcompat-v7-23.1.1_627e65891b89dbcf44ded1a7356ece39229c2dd6.jar C:\Transfer\Dropbox\androidstuff\miniSink2\app\build\intermediates\exploded-aar\com.android.support\appcompat-v7\23.1.1\jars\classes.jar
java_class_path (initial): C:\Users\sse\AppData\Local\Android\sdk\build-tools\23.0.2\lib\dx.jar
Launcher Type: SUN_STANDARD

Environment Variables:
JAVA_HOME=C:\Program Files\Java\jdk1.8.0_65
PATH=C:\app\sse\product\11.2.0\dbhome_1\bin;C:\Program Files (x86)\Embarcadero\Studio\16.0\bin;C:\Users\Public\Documents\Embarcadero\Studio\16.0\Bpl;C:\Program Files (x86)\Embarcadero\Studio\16.0\bin64;C:\Users\Public\Documents\Embarcadero\Studio\16.0\Bpl\Win64;C:\Program Files (x86)\RSA SecurID Token Common;C:\ProgramData\Oracle\Java\javapath;C:\WINDOWS\system32;C:\WINDOWS;C:\WINDOWS\System32\Wbem;C:\WINDOWS\System32\WindowsPowerShell\v1.0\;C:\Program Files (x86)\WinMerge;C:\Users\sse\.dnx\bin;C:\Program Files\Microsoft DNX\Dnvm\;C:\Program Files\Microsoft SQL Server\120\Tools\Binn\;C:\Program Files (x86)\Windows Kits\10\Windows Performance Toolkit\;C:\Program Files (x86)\nodejs\;C:\Program Files (x86)\Microsoft SQL Server\120\DTS\Binn\;C:\Program Files (x86)\Microsoft SQL Server\Client SDK\ODBC\110\Tools\Binn\;C:\Program Files (x86)\Microsoft SQL Server\120\Tools\Binn\;C:\Program Files (x86)\Microsoft SQL Server\120\Tools\Binn\ManagementStudio\;C:\Users\sse\AppData\Roaming\npm;%USERPROFILE%\AppData\Local\Microsoft\WindowsApps;
USERNAME=sse
OS=Windows_NT
PROCESSOR_IDENTIFIER=Intel64 Family 6 Model 58 Stepping 9, GenuineIntel



---------------  S Y S T E M  ---------------

OS: Windows 10.0 , 64 bit Build 14393 (10.0.14393.0)

CPU:total 4 (2 cores per cpu, 2 threads per core) family 6 model 58 stepping 9, cmov, cx8, fxsr, mmx, sse, sse2, sse3, ssse3, sse4.1, sse4.2, popcnt, avx, aes, clmul, erms, ht, tsc, tscinvbit, tscinv

Memory: 4k page, physical 8264984k(1050332k free), swap 14424820k(5204k free)

vm_info: Java HotSpot(TM) 64-Bit Server VM (25.65-b01) for windows-amd64 JRE (1.8.0_65-b17), built on Oct  6 2015 16:39:20 by "java_re" with MS VC++ 10.0 (VS2010)

time: Tue Nov 08 15:39:43 2016
elapsed time: 6 seconds (0d 0h 0m 6s)

