#
# There is insufficient memory for the Java Runtime Environment to continue.
# Native memory allocation (malloc) failed to allocate 32744 bytes for ChunkPool::allocate
# Possible reasons:
#   The system is out of physical RAM or swap space
#   In 32 bit mode, the process size limit was hit
# Possible solutions:
#   Reduce memory load on the system
#   Increase physical memory or swap space
#   Check if swap backing store is full
#   Use 64 bit Java on a 64 bit OS
#   Decrease Java heap size (-Xmx/-Xms)
#   Decrease number of Java threads
#   Decrease Java thread stack sizes (-Xss)
#   Set larger code cache with -XX:ReservedCodeCacheSize=
# This output file may be truncated or incomplete.
#
#  Out of Memory Error (allocation.cpp:273), pid=13412, tid=7124
#
# JRE version: Java(TM) SE Runtime Environment (8.0_65-b17) (build 1.8.0_65-b17)
# Java VM: Java HotSpot(TM) 64-Bit Server VM (25.65-b01 mixed mode windows-amd64 compressed oops)
# Failed to write core dump. Minidumps are not enabled by default on client versions of Windows
#

---------------  T H R E A D  ---------------

Current thread (0x0000000014f5c000):  JavaThread "C2 CompilerThread0" daemon [_thread_in_native, id=7124, stack(0x00000000165a0000,0x00000000166a0000)]

Stack: [0x00000000165a0000,0x00000000166a0000]
[error occurred during error reporting (printing stack bounds), id 0xc0000005]

Native frames: (J=compiled Java code, j=interpreted, Vv=VM code, C=native code)


Current CompileTask:
C2:   7732 1779   !   4       com.android.dx.cf.code.Ropper::processBlock (1101 bytes)


---------------  P R O C E S S  ---------------

Java Threads: ( => current thread )
  0x0000000016b16800 JavaThread "pool-1-thread-4" [_thread_in_Java, id=12320, stack(0x0000000017aa0000,0x0000000017ba0000)]
  0x0000000016bd6000 JavaThread "pool-1-thread-3" [_thread_in_Java, id=10824, stack(0x00000000179a0000,0x0000000017aa0000)]
  0x0000000016bd4800 JavaThread "pool-2-thread-1" [_thread_blocked, id=3780, stack(0x00000000177a0000,0x00000000178a0000)]
  0x00000000168a5800 JavaThread "Service Thread" daemon [_thread_blocked, id=7412, stack(0x0000000016ca0000,0x0000000016da0000)]
  0x0000000014fbc800 JavaThread "C1 CompilerThread2" daemon [_thread_blocked, id=11924, stack(0x00000000167a0000,0x00000000168a0000)]
  0x0000000014f60000 JavaThread "C2 CompilerThread1" daemon [_thread_in_native, id=14112, stack(0x00000000166a0000,0x00000000167a0000)]
=>0x0000000014f5c000 JavaThread "C2 CompilerThread0" daemon [_thread_in_native, id=7124, stack(0x00000000165a0000,0x00000000166a0000)]
  0x0000000014f59000 JavaThread "Attach Listener" daemon [_thread_blocked, id=11600, stack(0x00000000164a0000,0x00000000165a0000)]
  0x0000000014f57800 JavaThread "Signal Dispatcher" daemon [_thread_blocked, id=9492, stack(0x00000000163a0000,0x00000000164a0000)]
  0x0000000002881000 JavaThread "Finalizer" daemon [_thread_blocked, id=2028, stack(0x00000000161b0000,0x00000000162b0000)]
  0x000000000287e000 JavaThread "Reference Handler" daemon [_thread_blocked, id=5984, stack(0x00000000160b0000,0x00000000161b0000)]
  0x000000000278d800 JavaThread "main" [_thread_blocked, id=4148, stack(0x0000000002520000,0x0000000002620000)]

Other Threads:
  0x0000000014f27800 VMThread [stack: 0x0000000015fb0000,0x00000000160b0000] [id=6288]
  0x00000000168c2800 WatcherThread [stack: 0x0000000016da0000,0x0000000016ea0000] [id=9816]

VM state:not at safepoint (normal execution)

VM Mutex/Monitor currently owned by a thread: None

Heap:
 PSYoungGen      total 71680K, used 67677K [0x00000000eab00000, 0x00000000ef600000, 0x0000000100000000)
  eden space 66560K, 93% used [0x00000000eab00000,0x00000000ee817f38,0x00000000eec00000)
  from space 5120K, 99% used [0x00000000ef100000,0x00000000ef5ff858,0x00000000ef600000)
  to   space 5120K, 0% used [0x00000000eec00000,0x00000000eec00000,0x00000000ef100000)
 ParOldGen       total 87552K, used 5745K [0x00000000c0000000, 0x00000000c5580000, 0x00000000eab00000)
  object space 87552K, 6% used [0x00000000c0000000,0x00000000c059c448,0x00000000c5580000)
 Metaspace       used 6295K, capacity 7154K, committed 7296K, reserved 1056768K
  class space    used 604K, capacity 618K, committed 640K, reserved 1048576K

Card table byte_map: [0x0000000011c50000,0x0000000011e60000] byte_map_base: 0x0000000011650000

Marking Bits: (ParMarkBitMap*) 0x0000000062e3a5b0
 Begin Bits: [0x00000000123c0000, 0x00000000133c0000)
 End Bits:   [0x00000000133c0000, 0x00000000143c0000)

Polling page: 0x0000000000b70000

CodeCache: size=245760Kb used=7581Kb max_used=7581Kb free=238178Kb
 bounds [0x0000000002890000, 0x0000000003000000, 0x0000000011890000]
 total_blobs=2049 nmethods=1779 adapters=182
 compilation: enabled

Compilation events (10 events):
Event: 7.136 Thread 0x0000000014fbc800 1828       2       com.android.dx.cf.attrib.AttExceptions::byteLength (15 bytes)
Event: 7.136 Thread 0x0000000014fbc800 nmethod 1828 0x0000000002fe5290 code [0x0000000002fe5400, 0x0000000002fe5588]
Event: 7.140 Thread 0x0000000014fbc800 1829       2       com.android.dx.rop.code.Rops::opIfNe (17 bytes)
Event: 7.141 Thread 0x0000000014fbc800 nmethod 1829 0x0000000002fde390 code [0x0000000002fde500, 0x0000000002fde688]
Event: 7.141 Thread 0x0000000014fbc800 1830       2       com.android.dx.rop.code.Rops::opInvokeInterface (17 bytes)
Event: 7.141 Thread 0x0000000014fbc800 nmethod 1830 0x0000000002fdded0 code [0x0000000002fde040, 0x0000000002fde258]
Event: 7.685 Thread 0x0000000014fbc800 1832       1       com.android.dx.rop.cst.CstLong::getType (4 bytes)
Event: 7.685 Thread 0x0000000014fbc800 nmethod 1832 0x0000000002fe1f50 code [0x0000000002fe20a0, 0x0000000002fe21b0]
Event: 7.695 Thread 0x0000000014fbc800 1833       2       java.util.Vector::grow (57 bytes)
Event: 7.696 Thread 0x0000000014fbc800 nmethod 1833 0x0000000002fdd910 code [0x0000000002fdda80, 0x0000000002fddd18]

GC Heap History (4 events):
Event: 3.492 GC heap before
{Heap before GC invocations=1 (full 0):
 PSYoungGen      total 38400K, used 33280K [0x00000000eab00000, 0x00000000ed580000, 0x0000000100000000)
  eden space 33280K, 100% used [0x00000000eab00000,0x00000000ecb80000,0x00000000ecb80000)
  from space 5120K, 0% used [0x00000000ed080000,0x00000000ed080000,0x00000000ed580000)
  to   space 5120K, 0% used [0x00000000ecb80000,0x00000000ecb80000,0x00000000ed080000)
 ParOldGen       total 87552K, used 0K [0x00000000c0000000, 0x00000000c5580000, 0x00000000eab00000)
  object space 87552K, 0% used [0x00000000c0000000,0x00000000c0000000,0x00000000c5580000)
 Metaspace       used 6027K, capacity 6960K, committed 7040K, reserved 1056768K
  class space    used 598K, capacity 616K, committed 640K, reserved 1048576K
Event: 3.572 GC heap after
Heap after GC invocations=1 (full 0):
 PSYoungGen      total 38400K, used 5103K [0x00000000eab00000, 0x00000000ef600000, 0x0000000100000000)
  eden space 33280K, 0% used [0x00000000eab00000,0x00000000eab00000,0x00000000ecb80000)
  from space 5120K, 99% used [0x00000000ecb80000,0x00000000ed07bdb0,0x00000000ed080000)
  to   space 5120K, 0% used [0x00000000ef100000,0x00000000ef100000,0x00000000ef600000)
 ParOldGen       total 87552K, used 1660K [0x00000000c0000000, 0x00000000c5580000, 0x00000000eab00000)
  object space 87552K, 1% used [0x00000000c0000000,0x00000000c019f058,0x00000000c5580000)
 Metaspace       used 6027K, capacity 6960K, committed 7040K, reserved 1056768K
  class space    used 598K, capacity 616K, committed 640K, reserved 1048576K
}
Event: 4.452 GC heap before
{Heap before GC invocations=2 (full 0):
 PSYoungGen      total 38400K, used 38383K [0x00000000eab00000, 0x00000000ef600000, 0x0000000100000000)
  eden space 33280K, 100% used [0x00000000eab00000,0x00000000ecb80000,0x00000000ecb80000)
  from space 5120K, 99% used [0x00000000ecb80000,0x00000000ed07bdb0,0x00000000ed080000)
  to   space 5120K, 0% used [0x00000000ef100000,0x00000000ef100000,0x00000000ef600000)
 ParOldGen       total 87552K, used 1660K [0x00000000c0000000, 0x00000000c5580000, 0x00000000eab00000)
  object space 87552K, 1% used [0x00000000c0000000,0x00000000c019f058,0x00000000c5580000)
 Metaspace       used 6122K, capacity 7024K, committed 7296K, reserved 1056768K
  class space    used 598K, capacity 616K, committed 640K, reserved 1048576K
Event: 4.981 GC heap after
Heap after GC invocations=2 (full 0):
 PSYoungGen      total 71680K, used 5118K [0x00000000eab00000, 0x00000000ef600000, 0x0000000100000000)
  eden space 66560K, 0% used [0x00000000eab00000,0x00000000eab00000,0x00000000eec00000)
  from space 5120K, 99% used [0x00000000ef100000,0x00000000ef5ff858,0x00000000ef600000)
  to   space 5120K, 0% used [0x00000000eec00000,0x00000000eec00000,0x00000000ef100000)
 ParOldGen       total 87552K, used 5745K [0x00000000c0000000, 0x00000000c5580000, 0x00000000eab00000)
  object space 87552K, 6% used [0x00000000c0000000,0x00000000c059c448,0x00000000c5580000)
 Metaspace       used 6122K, capacity 7024K, committed 7296K, reserved 1056768K
  class space    used 598K, capacity 616K, committed 640K, reserved 1048576K
}

Deoptimization events (10 events):
Event: 5.485 Thread 0x0000000016b16800 Uncommon trap: reason=class_check action=maybe_recompile pc=0x0000000002ead454 method=com.android.dx.rop.cst.CstLiteral32.equals(Ljava/lang/Object;)Z @ 20
Event: 5.489 Thread 0x0000000016b16800 Uncommon trap: reason=class_check action=maybe_recompile pc=0x0000000002ead454 method=com.android.dx.rop.cst.CstLiteral32.equals(Ljava/lang/Object;)Z @ 20
Event: 5.489 Thread 0x0000000016b16800 Uncommon trap: reason=class_check action=maybe_recompile pc=0x0000000002ead454 method=com.android.dx.rop.cst.CstLiteral32.equals(Ljava/lang/Object;)Z @ 20
Event: 5.489 Thread 0x0000000016b16800 Uncommon trap: reason=class_check action=maybe_recompile pc=0x0000000002ead454 method=com.android.dx.rop.cst.CstLiteral32.equals(Ljava/lang/Object;)Z @ 20
Event: 5.601 Thread 0x0000000016bd5800 Uncommon trap: reason=unstable_if action=reinterpret pc=0x0000000002e4864c method=com.android.dx.ssa.MoveParamCombiner$1.visitNonMoveInsn(Lcom/android/dx/ssa/NormalSsaInsn;)V @ 27
Event: 5.673 Thread 0x0000000016bd6000 Uncommon trap: reason=bimorphic action=maybe_recompile pc=0x0000000002ac9f98 method=java.util.HashMap.getNode(ILjava/lang/Object;)Ljava/util/HashMap$Node; @ 126
Event: 6.428 Thread 0x0000000016bd6000 Uncommon trap: reason=bimorphic action=maybe_recompile pc=0x0000000002acc7ac method=java.util.HashMap.getNode(ILjava/lang/Object;)Ljava/util/HashMap$Node; @ 126
Event: 6.428 Thread 0x0000000016bd6000 Uncommon trap: reason=bimorphic action=maybe_recompile pc=0x0000000002f82548 method=java.util.HashMap.putVal(ILjava/lang/Object;Ljava/lang/Object;ZZ)Ljava/lang/Object; @ 203
Event: 7.038 Thread 0x0000000016bb3800 Uncommon trap: reason=bimorphic action=maybe_recompile pc=0x0000000002f82548 method=java.util.HashMap.putVal(ILjava/lang/Object;Ljava/lang/Object;ZZ)Ljava/lang/Object; @ 203
Event: 7.099 Thread 0x0000000016bb3800 Uncommon trap: reason=unstable_if action=reinterpret pc=0x0000000002d6ebd4 method=com.android.dx.ssa.SCCP.simulateStmt(Lcom/android/dx/ssa/SsaInsn;)V @ 53

Internal exceptions (2 events):
Event: 0.074 Thread 0x000000000278d800 Exception <a 'java/lang/NoSuchMethodError': Method sun.misc.Unsafe.defineClass(Ljava/lang/String;[BII)Ljava/lang/Class; name or signature does not match> (0x00000000eab0d930) thrown at [C:\workspace\8-2-build-windows-amd64-cygwin\jdk8u65\4987\hotspot\src\s¿N›m‰≤?
Event: 0.074 Thread 0x000000000278d800 Exception <a 'java/lang/NoSuchMethodError': Method sun.misc.Unsafe.prefetchRead(Ljava/lang/Object;J)V name or signature does not match> (0x00000000eab0dc18) thrown at [C:\workspace\8-2-build-windows-amd64-cygwin\jdk8u65\4987\hotspot\src\share\vm\prims\jni.

Events (10 events):
Event: 7.120 Thread 0x000000000278d800 DEOPT PACKING pc=0x0000000002f296a1 sp=0x000000000261e5e0
Event: 7.120 Thread 0x000000000278d800 DEOPT UNPACKING pc=0x00000000028d787f sp=0x000000000261e3a0 mode 0
Event: 7.143 loading class java/util/HashMap$KeySet
Event: 7.143 loading class java/util/HashMap$KeySet done
Event: 7.143 loading class java/util/HashMap$KeyIterator
Event: 7.143 loading class java/util/HashMap$KeyIterator done
Event: 7.143 Thread 0x0000000016bb3800 Thread exited: 0x0000000016bb3800
Event: 7.150 Thread 0x0000000016bd5800 Thread exited: 0x0000000016bd5800
Event: 7.695 Thread 0x0000000016b16800 DEOPT PACKING pc=0x0000000002cc3130 sp=0x0000000017b9e6f0
Event: 7.695 Thread 0x0000000016b16800 DEOPT UNPACKING pc=0x00000000028d787f sp=0x0000000017b9e520 mode 0


Dynamic libraries:
0x00007ff761180000 - 0x00007ff7611b7000 	C:\Program Files\Java\jdk1.8.0_65\bin\java.exe
0x00007ffe24fc0000 - 0x00007ffe25191000 	C:\WINDOWS\SYSTEM32\ntdll.dll
0x00007ffe229f0000 - 0x00007ffe22a9b000 	C:\WINDOWS\System32\KERNEL32.DLL
0x00007ffe21ff0000 - 0x00007ffe2220d000 	C:\WINDOWS\System32\KERNELBASE.dll
0x00007ffe24800000 - 0x00007ffe248a2000 	C:\WINDOWS\System32\ADVAPI32.dll
0x00007ffe22880000 - 0x00007ffe2291e000 	C:\WINDOWS\System32\msvcrt.dll
0x00007ffe23fb0000 - 0x00007ffe24009000 	C:\WINDOWS\System32\sechost.dll
0x00007ffe24a20000 - 0x00007ffe24b41000 	C:\WINDOWS\System32\RPCRT4.dll
0x00007ffe248b0000 - 0x00007ffe24a15000 	C:\WINDOWS\System32\USER32.dll
0x00007ffe21ed0000 - 0x00007ffe21eee000 	C:\WINDOWS\System32\win32u.dll
0x00007ffe24f80000 - 0x00007ffe24fb4000 	C:\WINDOWS\System32\GDI32.dll
0x00007ffe222b0000 - 0x00007ffe22432000 	C:\WINDOWS\System32\gdi32full.dll
0x00007ffe14610000 - 0x00007ffe1488a000 	C:\WINDOWS\WinSxS\amd64_microsoft.windows.common-controls_6595b64144ccf1df_6.0.14393.351_none_4213128bc687e6d3\COMCTL32.dll
0x00007ffe225b0000 - 0x00007ffe22877000 	C:\WINDOWS\System32\combase.dll
0x00007ffe21ef0000 - 0x00007ffe21fe5000 	C:\WINDOWS\System32\ucrtbase.dll
0x00007ffe21c40000 - 0x00007ffe21caa000 	C:\WINDOWS\System32\bcryptPrimitives.dll
0x00007ffe24170000 - 0x00007ffe2419e000 	C:\WINDOWS\System32\IMM32.DLL
0x0000000063510000 - 0x00000000635e2000 	C:\Program Files\Java\jdk1.8.0_65\jre\bin\msvcr100.dll
0x0000000062630000 - 0x0000000062eb9000 	C:\Program Files\Java\jdk1.8.0_65\jre\bin\server\jvm.dll
0x00007ffe24590000 - 0x00007ffe24598000 	C:\WINDOWS\System32\PSAPI.DLL
0x00007ffe13150000 - 0x00007ffe13159000 	C:\WINDOWS\SYSTEM32\WSOCK32.dll
0x00007ffe242f0000 - 0x00007ffe2435a000 	C:\WINDOWS\System32\WS2_32.dll
0x00007ffe1f750000 - 0x00007ffe1f773000 	C:\WINDOWS\SYSTEM32\WINMM.dll
0x00007ffe14c90000 - 0x00007ffe14c9a000 	C:\WINDOWS\SYSTEM32\VERSION.dll
0x00007ffe1f610000 - 0x00007ffe1f63b000 	C:\WINDOWS\SYSTEM32\WINMMBASE.dll
0x00007ffe21e80000 - 0x00007ffe21ec2000 	C:\WINDOWS\System32\cfgmgr32.dll
0x0000000063ef0000 - 0x0000000063eff000 	C:\Program Files\Java\jdk1.8.0_65\jre\bin\verify.dll
0x0000000063ec0000 - 0x0000000063ee9000 	C:\Program Files\Java\jdk1.8.0_65\jre\bin\java.dll
0x0000000063ea0000 - 0x0000000063eb6000 	C:\Program Files\Java\jdk1.8.0_65\jre\bin\zip.dll
0x00007ffe22aa0000 - 0x00007ffe23fa9000 	C:\WINDOWS\System32\SHELL32.dll
0x00007ffe214b0000 - 0x00007ffe21b8a000 	C:\WINDOWS\System32\windows.storage.dll
0x00007ffe21460000 - 0x00007ffe214ac000 	C:\WINDOWS\System32\powrprof.dll
0x00007ffe24010000 - 0x00007ffe24062000 	C:\WINDOWS\System32\shlwapi.dll
0x00007ffe21450000 - 0x00007ffe2145f000 	C:\WINDOWS\System32\kernel.appcore.dll
0x00007ffe21b90000 - 0x00007ffe21c39000 	C:\WINDOWS\System32\shcore.dll
0x00007ffe21420000 - 0x00007ffe21434000 	C:\WINDOWS\System32\profapi.dll

VM Arguments:
jvm_args: -Djava.awt.headless=true -Xmx1024M -Dfile.encoding=windows-1252 -Duser.country=US -Duser.language=en -Duser.variant 
java_command: com.android.dx.command.Main --dex --num-threads=4 --output C:\Transfer\Dropbox\androidstuff\miniSink2\app\build\intermediates\pre-dexed\debug\com.google.android.gms-play-services-cast-8.4.0_4db3d8e828a33aae6df16a9f1ec8a6d881e6deaf.jar C:\Transfer\Dropbox\androidstuff\miniSink2\app\build\intermediates\exploded-aar\com.google.android.gms\play-services-cast\8.4.0\jars\classes.jar
java_class_path (initial): C:\Users\sse\AppData\Local\Android\sdk\build-tools\23.0.2\lib\dx.jar
Launcher Type: SUN_STANDARD

Environment Variables:
JAVA_HOME=C:\Program Files\Java\jdk1.8.0_65
PATH=C:\app\sse\product\11.2.0\dbhome_1\bin;C:\Program Files (x86)\Embarcadero\Studio\16.0\bin;C:\Users\Public\Documents\Embarcadero\Studio\16.0\Bpl;C:\Program Files (x86)\Embarcadero\Studio\16.0\bin64;C:\Users\Public\Documents\Embarcadero\Studio\16.0\Bpl\Win64;C:\Program Files (x86)\RSA SecurID Token Common;C:\ProgramData\Oracle\Java\javapath;C:\WINDOWS\system32;C:\WINDOWS;C:\WINDOWS\System32\Wbem;C:\WINDOWS\System32\WindowsPowerShell\v1.0\;C:\Program Files (x86)\WinMerge;C:\Users\sse\.dnx\bin;C:\Program Files\Microsoft DNX\Dnvm\;C:\Program Files\Microsoft SQL Server\120\Tools\Binn\;C:\Program Files (x86)\Windows Kits\10\Windows Performance Toolkit\;C:\Program Files (x86)\nodejs\;C:\Program Files (x86)\Microsoft SQL Server\120\DTS\Binn\;C:\Program Files (x86)\Microsoft SQL Server\Client SDK\ODBC\110\Tools\Binn\;C:\Program Files (x86)\Microsoft SQL Server\120\Tools\Binn\;C:\Program Files (x86)\Microsoft SQL Server\120\Tools\Binn\ManagementStudio\;C:\Users\sse\AppData\Roaming\npm;%USERPROFILE%\AppData\Local\Microsoft\WindowsApps;
USERNAME=sse
OS=Windows_NT
PROCESSOR_IDENTIFIER=Intel64 Family 6 Model 58 Stepping 9, GenuineIntel



---------------  S Y S T E M  ---------------

OS: Windows 10.0 , 64 bit Build 14393 (10.0.14393.0)

CPU:total 4 (2 cores per cpu, 2 threads per core) family 6 model 58 stepping 9, cmov, cx8, fxsr, mmx, sse, sse2, sse3, ssse3, sse4.1, sse4.2, popcnt, avx, aes, clmul, erms, ht, tsc, tscinvbit, tscinv

Memory: 4k page, physical 8264984k(777024k free), swap 14424820k(4256k free)

vm_info: Java HotSpot(TM) 64-Bit Server VM (25.65-b01) for windows-amd64 JRE (1.8.0_65-b17), built on Oct  6 2015 16:39:20 by "java_re" with MS VC++ 10.0 (VS2010)

time: Tue Nov 08 15:39:54 2016
elapsed time: 7 seconds (0d 0h 0m 7s)

