#
# There is insufficient memory for the Java Runtime Environment to continue.
# Native memory allocation (malloc) failed to allocate 364176 bytes for Chunk::new
# Possible reasons:
#   The system is out of physical RAM or swap space
#   In 32 bit mode, the process size limit was hit
# Possible solutions:
#   Reduce memory load on the system
#   Increase physical memory or swap space
#   Check if swap backing store is full
#   Use 64 bit Java on a 64 bit OS
#   Decrease Java heap size (-Xmx/-Xms)
#   Decrease number of Java threads
#   Decrease Java thread stack sizes (-Xss)
#   Set larger code cache with -XX:ReservedCodeCacheSize=
# This output file may be truncated or incomplete.
#
#  Out of Memory Error (allocation.cpp:390), pid=9368, tid=13024
#
# JRE version: Java(TM) SE Runtime Environment (8.0_65-b17) (build 1.8.0_65-b17)
# Java VM: Java HotSpot(TM) 64-Bit Server VM (25.65-b01 mixed mode windows-amd64 compressed oops)
# Failed to write core dump. Minidumps are not enabled by default on client versions of Windows
#

---------------  T H R E A D  ---------------

Current thread (0x0000000015470800):  JavaThread "C2 CompilerThread1" daemon [_thread_in_native, id=13024, stack(0x0000000016bc0000,0x0000000016cc0000)]

Stack: [0x0000000016bc0000,0x0000000016cc0000]
[error occurred during error reporting (printing stack bounds), id 0xc0000005]

Native frames: (J=compiled Java code, j=interpreted, Vv=VM code, C=native code)


Current CompileTask:
C2:   2497  783       4       com.android.dx.ssa.SsaBasicBlock::forEachInsn (37 bytes)


---------------  P R O C E S S  ---------------

Java Threads: ( => current thread )
  0x0000000016eae800 JavaThread "pool-1-thread-4" [_thread_in_Java, id=10732, stack(0x00000000177c0000,0x00000000178c0000)]
  0x0000000016eae000 JavaThread "pool-1-thread-3" [_thread_in_Java, id=4272, stack(0x00000000176c0000,0x00000000177c0000)]
  0x0000000016ee5000 JavaThread "pool-1-thread-2" [_thread_in_Java, id=5296, stack(0x00000000175c0000,0x00000000176c0000)]
  0x0000000016ee2800 JavaThread "pool-2-thread-1" [_thread_blocked, id=8280, stack(0x00000000174c0000,0x00000000175c0000)]
  0x0000000016ee1800 JavaThread "pool-1-thread-1" [_thread_blocked, id=14040, stack(0x00000000173c0000,0x00000000174c0000)]
  0x0000000016ccc000 JavaThread "Service Thread" daemon [_thread_blocked, id=13720, stack(0x00000000171c0000,0x00000000172c0000)]
  0x0000000016cc8800 JavaThread "C1 CompilerThread2" daemon [_thread_in_native, id=9428, stack(0x00000000170c0000,0x00000000171c0000)]
=>0x0000000015470800 JavaThread "C2 CompilerThread1" daemon [_thread_in_native, id=13024, stack(0x0000000016bc0000,0x0000000016cc0000)]
  0x000000001546c000 JavaThread "C2 CompilerThread0" daemon [_thread_in_native, id=7440, stack(0x0000000016ac0000,0x0000000016bc0000)]
  0x0000000015469000 JavaThread "Attach Listener" daemon [_thread_blocked, id=6576, stack(0x00000000169c0000,0x0000000016ac0000)]
  0x0000000015468000 JavaThread "Signal Dispatcher" daemon [_thread_blocked, id=6220, stack(0x00000000168c0000,0x00000000169c0000)]
  0x0000000002d11000 JavaThread "Finalizer" daemon [_thread_blocked, id=13748, stack(0x00000000166d0000,0x00000000167d0000)]
  0x0000000002d0e000 JavaThread "Reference Handler" daemon [_thread_blocked, id=1864, stack(0x00000000165d0000,0x00000000166d0000)]
  0x0000000002d9d800 JavaThread "main" [_thread_in_Java, id=5088, stack(0x0000000002b10000,0x0000000002c10000)]

Other Threads:
  0x0000000015438000 VMThread [stack: 0x00000000164d0000,0x00000000165d0000] [id=12188]
  0x0000000016cd1000 WatcherThread [stack: 0x00000000172c0000,0x00000000173c0000] [id=2468]

VM state:not at safepoint (normal execution)

VM Mutex/Monitor currently owned by a thread: None

Heap:
 PSYoungGen      total 38400K, used 16249K [0x00000000eab00000, 0x00000000ed580000, 0x0000000100000000)
  eden space 33280K, 48% used [0x00000000eab00000,0x00000000ebade420,0x00000000ecb80000)
  from space 5120K, 0% used [0x00000000ed080000,0x00000000ed080000,0x00000000ed580000)
  to   space 5120K, 0% used [0x00000000ecb80000,0x00000000ecb80000,0x00000000ed080000)
 ParOldGen       total 87552K, used 0K [0x00000000c0000000, 0x00000000c5580000, 0x00000000eab00000)
  object space 87552K, 0% used [0x00000000c0000000,0x00000000c0000000,0x00000000c5580000)
 Metaspace       used 5727K, capacity 6704K, committed 6784K, reserved 1056768K
  class space    used 600K, capacity 616K, committed 640K, reserved 1048576K

Card table byte_map: [0x0000000012160000,0x0000000012370000] byte_map_base: 0x0000000011b60000

Marking Bits: (ParMarkBitMap*) 0x0000000062e3a5b0
 Begin Bits: [0x00000000128d0000, 0x00000000138d0000)
 End Bits:   [0x00000000138d0000, 0x00000000148d0000)

Polling page: 0x00000000010a0000

CodeCache: size=245760Kb used=3137Kb max_used=3137Kb free=242622Kb
 bounds [0x0000000002da0000, 0x00000000030c0000, 0x0000000011da0000]
 total_blobs=1041 nmethods=772 adapters=182
 compilation: enabled

Compilation events (10 events):
Event: 2.490 Thread 0x0000000016cc8800 nmethod 761 0x0000000003080950 code [0x0000000003080aa0, 0x0000000003080c70]
Event: 2.490 Thread 0x0000000016cc8800  762       3       com.android.dx.ssa.SsaBasicBlock::removeAllPhiInsns (18 bytes)
Event: 2.490 Thread 0x0000000016cc8800 nmethod 762 0x00000000030a9fd0 code [0x00000000030aa1a0, 0x00000000030aa748]
Event: 2.490 Thread 0x0000000016cc8800  772       3       com.android.dx.rop.cst.CstString::hashCode (8 bytes)
Event: 2.491 Thread 0x0000000016cc8800 nmethod 772 0x0000000003080510 code [0x0000000003080680, 0x0000000003080888]
Event: 2.491 Thread 0x0000000016cc8800  757       3       com.android.dx.dex.code.RopToDop::dopFor (792 bytes)
Event: 2.494 Thread 0x0000000016cc8800 nmethod 757 0x00000000030aaad0 code [0x00000000030aaf40, 0x00000000030ae4a8]
Event: 2.494 Thread 0x0000000016cc8800  756       3       com.android.dx.ssa.back.FirstFitLocalCombiningAllocator::getParameterIndexForReg (55 bytes)
Event: 2.494 Thread 0x0000000016cc8800 nmethod 756 0x00000000030af690 code [0x00000000030af840, 0x00000000030b0128]
Event: 2.494 Thread 0x0000000016cc8800  754       3       com.android.dx.cf.code.BaseMachine::resultCount (22 bytes)

GC Heap History (0 events):
No events

Deoptimization events (6 events):
Event: 1.916 Thread 0x0000000002d9d800 Uncommon trap: reason=unstable_if action=reinterpret pc=0x0000000002fc5680 method=java.util.HashMap.getNode(ILjava/lang/Object;)Ljava/util/HashMap$Node; @ 62
Event: 2.478 Thread 0x0000000016eae800 Uncommon trap: reason=class_check action=maybe_recompile pc=0x000000000306c594 method=com.android.dx.ssa.NormalSsaInsn.accept(Lcom/android/dx/ssa/SsaInsn$Visitor;)V @ 9
Event: 2.478 Thread 0x0000000016eae800 Uncommon trap: reason=class_check action=maybe_recompile pc=0x000000000306c594 method=com.android.dx.ssa.NormalSsaInsn.accept(Lcom/android/dx/ssa/SsaInsn$Visitor;)V @ 9
Event: 2.478 Thread 0x0000000016eae800 Uncommon trap: reason=class_check action=maybe_recompile pc=0x000000000306c594 method=com.android.dx.ssa.NormalSsaInsn.accept(Lcom/android/dx/ssa/SsaInsn$Visitor;)V @ 9
Event: 2.478 Thread 0x0000000016eae800 Uncommon trap: reason=class_check action=maybe_recompile pc=0x000000000306c594 method=com.android.dx.ssa.NormalSsaInsn.accept(Lcom/android/dx/ssa/SsaInsn$Visitor;)V @ 9
Event: 2.479 Thread 0x0000000016eae800 Uncommon trap: reason=class_check action=maybe_recompile pc=0x0000000003035270 method=com.android.dx.ssa.NormalSsaInsn.accept(Lcom/android/dx/ssa/SsaInsn$Visitor;)V @ 9

Internal exceptions (2 events):
Event: 0.138 Thread 0x0000000002d9d800 Exception <a 'java/lang/NoSuchMethodError': Method sun.misc.Unsafe.defineClass(Ljava/lang/String;[BII)Ljava/lang/Class; name or signature does not match> (0x00000000eab0da98) thrown at [C:\workspace\8-2-build-windows-amd64-cygwin\jdk8u65\4987\hotspot\src\sp\7≈ù¡?
Event: 0.138 Thread 0x0000000002d9d800 Exception <a 'java/lang/NoSuchMethodError': Method sun.misc.Unsafe.prefetchRead(Ljava/lang/Object;J)V name or signature does not match> (0x00000000eab0dd80) thrown at [C:\workspace\8-2-build-windows-amd64-cygwin\jdk8u65\4987\hotspot\src\share\vm\prims\jni.

Events (10 events):
Event: 2.478 Thread 0x0000000016eae800 DEOPT UNPACKING pc=0x0000000002de582a sp=0x00000000178be3e0 mode 2
Event: 2.478 Thread 0x0000000016eae800 Uncommon trap: trap_request=0xffffffde fr.pc=0x000000000306c594
Event: 2.478 Thread 0x0000000016eae800 DEOPT PACKING pc=0x000000000306c594 sp=0x00000000178be3b0
Event: 2.478 Thread 0x0000000016eae800 DEOPT UNPACKING pc=0x0000000002de582a sp=0x00000000178be2f0 mode 2
Event: 2.478 Thread 0x0000000016eae800 Uncommon trap: trap_request=0xffffffde fr.pc=0x000000000306c594
Event: 2.478 Thread 0x0000000016eae800 DEOPT PACKING pc=0x000000000306c594 sp=0x00000000178be750
Event: 2.478 Thread 0x0000000016eae800 DEOPT UNPACKING pc=0x0000000002de582a sp=0x00000000178be690 mode 2
Event: 2.479 Thread 0x0000000016eae800 Uncommon trap: trap_request=0xffffffde fr.pc=0x0000000003035270
Event: 2.479 Thread 0x0000000016eae800 DEOPT PACKING pc=0x0000000003035270 sp=0x00000000178be710
Event: 2.479 Thread 0x0000000016eae800 DEOPT UNPACKING pc=0x0000000002de582a sp=0x00000000178be6b0 mode 2


Dynamic libraries:
0x00007ff761180000 - 0x00007ff7611b7000 	C:\Program Files\Java\jdk1.8.0_65\bin\java.exe
0x00007ffe24fc0000 - 0x00007ffe25191000 	C:\WINDOWS\SYSTEM32\ntdll.dll
0x00007ffe229f0000 - 0x00007ffe22a9b000 	C:\WINDOWS\System32\KERNEL32.DLL
0x00007ffe21ff0000 - 0x00007ffe2220d000 	C:\WINDOWS\System32\KERNELBASE.dll
0x00007ffe24800000 - 0x00007ffe248a2000 	C:\WINDOWS\System32\ADVAPI32.dll
0x00007ffe22880000 - 0x00007ffe2291e000 	C:\WINDOWS\System32\msvcrt.dll
0x00007ffe23fb0000 - 0x00007ffe24009000 	C:\WINDOWS\System32\sechost.dll
0x00007ffe24a20000 - 0x00007ffe24b41000 	C:\WINDOWS\System32\RPCRT4.dll
0x00007ffe248b0000 - 0x00007ffe24a15000 	C:\WINDOWS\System32\USER32.dll
0x00007ffe21ed0000 - 0x00007ffe21eee000 	C:\WINDOWS\System32\win32u.dll
0x00007ffe24f80000 - 0x00007ffe24fb4000 	C:\WINDOWS\System32\GDI32.dll
0x00007ffe222b0000 - 0x00007ffe22432000 	C:\WINDOWS\System32\gdi32full.dll
0x00007ffe14610000 - 0x00007ffe1488a000 	C:\WINDOWS\WinSxS\amd64_microsoft.windows.common-controls_6595b64144ccf1df_6.0.14393.351_none_4213128bc687e6d3\COMCTL32.dll
0x00007ffe225b0000 - 0x00007ffe22877000 	C:\WINDOWS\System32\combase.dll
0x00007ffe21ef0000 - 0x00007ffe21fe5000 	C:\WINDOWS\System32\ucrtbase.dll
0x00007ffe21c40000 - 0x00007ffe21caa000 	C:\WINDOWS\System32\bcryptPrimitives.dll
0x00007ffe24170000 - 0x00007ffe2419e000 	C:\WINDOWS\System32\IMM32.DLL
0x0000000063510000 - 0x00000000635e2000 	C:\Program Files\Java\jdk1.8.0_65\jre\bin\msvcr100.dll
0x0000000062630000 - 0x0000000062eb9000 	C:\Program Files\Java\jdk1.8.0_65\jre\bin\server\jvm.dll
0x00007ffe24590000 - 0x00007ffe24598000 	C:\WINDOWS\System32\PSAPI.DLL
0x00007ffe13150000 - 0x00007ffe13159000 	C:\WINDOWS\SYSTEM32\WSOCK32.dll
0x00007ffe242f0000 - 0x00007ffe2435a000 	C:\WINDOWS\System32\WS2_32.dll
0x00007ffe1f750000 - 0x00007ffe1f773000 	C:\WINDOWS\SYSTEM32\WINMM.dll
0x00007ffe14c90000 - 0x00007ffe14c9a000 	C:\WINDOWS\SYSTEM32\VERSION.dll
0x00007ffe1f610000 - 0x00007ffe1f63b000 	C:\WINDOWS\SYSTEM32\WINMMBASE.dll
0x00007ffe21e80000 - 0x00007ffe21ec2000 	C:\WINDOWS\System32\cfgmgr32.dll
0x0000000063ef0000 - 0x0000000063eff000 	C:\Program Files\Java\jdk1.8.0_65\jre\bin\verify.dll
0x0000000063ec0000 - 0x0000000063ee9000 	C:\Program Files\Java\jdk1.8.0_65\jre\bin\java.dll
0x0000000063ea0000 - 0x0000000063eb6000 	C:\Program Files\Java\jdk1.8.0_65\jre\bin\zip.dll
0x00007ffe22aa0000 - 0x00007ffe23fa9000 	C:\WINDOWS\System32\SHELL32.dll
0x00007ffe214b0000 - 0x00007ffe21b8a000 	C:\WINDOWS\System32\windows.storage.dll
0x00007ffe21460000 - 0x00007ffe214ac000 	C:\WINDOWS\System32\powrprof.dll
0x00007ffe24010000 - 0x00007ffe24062000 	C:\WINDOWS\System32\shlwapi.dll
0x00007ffe21450000 - 0x00007ffe2145f000 	C:\WINDOWS\System32\kernel.appcore.dll
0x00007ffe21b90000 - 0x00007ffe21c39000 	C:\WINDOWS\System32\shcore.dll
0x00007ffe21420000 - 0x00007ffe21434000 	C:\WINDOWS\System32\profapi.dll

VM Arguments:
jvm_args: -Djava.awt.headless=true -Xmx1024M -Dfile.encoding=windows-1252 -Duser.country=US -Duser.language=en -Duser.variant 
java_command: com.android.dx.command.Main --dex --num-threads=4 --output C:\Transfer\Dropbox\androidstuff\miniSink2\app\build\intermediates\pre-dexed\debug\com.android.support-mediarouter-v7-23.0.0_d48da7953336d9fa4b493ba7ba0c30ced34c54d5.jar C:\Transfer\Dropbox\androidstuff\miniSink2\app\build\intermediates\exploded-aar\com.android.support\mediarouter-v7\23.0.0\jars\classes.jar
java_class_path (initial): C:\Users\sse\AppData\Local\Android\sdk\build-tools\23.0.2\lib\dx.jar
Launcher Type: SUN_STANDARD

Environment Variables:
JAVA_HOME=C:\Program Files\Java\jdk1.8.0_65
PATH=C:\app\sse\product\11.2.0\dbhome_1\bin;C:\Program Files (x86)\Embarcadero\Studio\16.0\bin;C:\Users\Public\Documents\Embarcadero\Studio\16.0\Bpl;C:\Program Files (x86)\Embarcadero\Studio\16.0\bin64;C:\Users\Public\Documents\Embarcadero\Studio\16.0\Bpl\Win64;C:\Program Files (x86)\RSA SecurID Token Common;C:\ProgramData\Oracle\Java\javapath;C:\WINDOWS\system32;C:\WINDOWS;C:\WINDOWS\System32\Wbem;C:\WINDOWS\System32\WindowsPowerShell\v1.0\;C:\Program Files (x86)\WinMerge;C:\Users\sse\.dnx\bin;C:\Program Files\Microsoft DNX\Dnvm\;C:\Program Files\Microsoft SQL Server\120\Tools\Binn\;C:\Program Files (x86)\Windows Kits\10\Windows Performance Toolkit\;C:\Program Files (x86)\nodejs\;C:\Program Files (x86)\Microsoft SQL Server\120\DTS\Binn\;C:\Program Files (x86)\Microsoft SQL Server\Client SDK\ODBC\110\Tools\Binn\;C:\Program Files (x86)\Microsoft SQL Server\120\Tools\Binn\;C:\Program Files (x86)\Microsoft SQL Server\120\Tools\Binn\ManagementStudio\;C:\Users\sse\AppData\Roaming\npm;%USERPROFILE%\AppData\Local\Microsoft\WindowsApps;
USERNAME=sse
OS=Windows_NT
PROCESSOR_IDENTIFIER=Intel64 Family 6 Model 58 Stepping 9, GenuineIntel



---------------  S Y S T E M  ---------------

OS: Windows 10.0 , 64 bit Build 14393 (10.0.14393.0)

CPU:total 4 (2 cores per cpu, 2 threads per core) family 6 model 58 stepping 9, cmov, cx8, fxsr, mmx, sse, sse2, sse3, ssse3, sse4.1, sse4.2, popcnt, avx, aes, clmul, erms, ht, tsc, tscinvbit, tscinv

Memory: 4k page, physical 8264984k(1188816k free), swap 14424820k(3136k free)

vm_info: Java HotSpot(TM) 64-Bit Server VM (25.65-b01) for windows-amd64 JRE (1.8.0_65-b17), built on Oct  6 2015 16:39:20 by "java_re" with MS VC++ 10.0 (VS2010)

time: Tue Nov 08 15:39:30 2016
elapsed time: 2 seconds (0d 0h 0m 2s)

