#
# There is insufficient memory for the Java Runtime Environment to continue.
# Native memory allocation (malloc) failed to allocate 32744 bytes for ChunkPool::allocate
# Possible reasons:
#   The system is out of physical RAM or swap space
#   In 32 bit mode, the process size limit was hit
# Possible solutions:
#   Reduce memory load on the system
#   Increase physical memory or swap space
#   Check if swap backing store is full
#   Use 64 bit Java on a 64 bit OS
#   Decrease Java heap size (-Xmx/-Xms)
#   Decrease number of Java threads
#   Decrease Java thread stack sizes (-Xss)
#   Set larger code cache with -XX:ReservedCodeCacheSize=
# This output file may be truncated or incomplete.
#
#  Out of Memory Error (allocation.cpp:273), pid=112, tid=5364
#
# JRE version: Java(TM) SE Runtime Environment (8.0_65-b17) (build 1.8.0_65-b17)
# Java VM: Java HotSpot(TM) 64-Bit Server VM (25.65-b01 mixed mode windows-amd64 compressed oops)
# Failed to write core dump. Minidumps are not enabled by default on client versions of Windows
#

---------------  T H R E A D  ---------------

Current thread (0x000000001527a800):  JavaThread "C1 CompilerThread2" daemon [_thread_in_native, id=5364, stack(0x0000000016a80000,0x0000000016b80000)]

Stack: [0x0000000016a80000,0x0000000016b80000]
[error occurred during error reporting (printing stack bounds), id 0xc0000005]

Native frames: (J=compiled Java code, j=interpreted, Vv=VM code, C=native code)


Current CompileTask:
C1:   2555  783   !   3       com.android.dx.cf.code.RopperMachine::run (1550 bytes)


---------------  P R O C E S S  ---------------

Java Threads: ( => current thread )
  0x0000000016d20800 JavaThread "pool-1-thread-4" [_thread_blocked, id=7788, stack(0x0000000017580000,0x0000000017680000)]
  0x0000000016cdf800 JavaThread "pool-1-thread-3" [_thread_in_vm, id=8664, stack(0x0000000017480000,0x0000000017580000)]
  0x0000000016cde000 JavaThread "pool-1-thread-2" [_thread_in_Java, id=11272, stack(0x0000000017380000,0x0000000017480000)]
  0x0000000016cd6000 JavaThread "pool-2-thread-1" [_thread_blocked, id=3776, stack(0x0000000017280000,0x0000000017380000)]
  0x0000000016cd5000 JavaThread "pool-1-thread-1" [_thread_in_Java, id=7636, stack(0x0000000017180000,0x0000000017280000)]
  0x000000001527e800 JavaThread "Service Thread" daemon [_thread_blocked, id=2164, stack(0x0000000016f80000,0x0000000017080000)]
=>0x000000001527a800 JavaThread "C1 CompilerThread2" daemon [_thread_in_native, id=5364, stack(0x0000000016a80000,0x0000000016b80000)]
  0x000000001521d000 JavaThread "C2 CompilerThread1" daemon [_thread_in_native, id=9384, stack(0x0000000016980000,0x0000000016a80000)]
  0x000000001521a800 JavaThread "C2 CompilerThread0" daemon [_thread_in_native, id=12764, stack(0x0000000016880000,0x0000000016980000)]
  0x0000000015218000 JavaThread "Attach Listener" daemon [_thread_blocked, id=5864, stack(0x0000000016780000,0x0000000016880000)]
  0x000000001522d800 JavaThread "Signal Dispatcher" daemon [_thread_blocked, id=9760, stack(0x0000000016680000,0x0000000016780000)]
  0x0000000002b47000 JavaThread "Finalizer" daemon [_thread_blocked, id=5116, stack(0x0000000016490000,0x0000000016590000)]
  0x0000000002b3e000 JavaThread "Reference Handler" daemon [_thread_blocked, id=4480, stack(0x0000000016390000,0x0000000016490000)]
  0x000000000284d800 JavaThread "main" [_thread_blocked, id=2668, stack(0x0000000002850000,0x0000000002950000)]

Other Threads:
  0x00000000151e8000 VMThread [stack: 0x0000000016290000,0x0000000016390000] [id=13692]
  0x0000000016b8c000 WatcherThread [stack: 0x0000000017080000,0x0000000017180000] [id=3408]

VM state:not at safepoint (normal execution)

VM Mutex/Monitor currently owned by a thread: None

Heap:
 PSYoungGen      total 38400K, used 16245K [0x00000000eab00000, 0x00000000ed580000, 0x0000000100000000)
  eden space 33280K, 48% used [0x00000000eab00000,0x00000000ebadd7d0,0x00000000ecb80000)
  from space 5120K, 0% used [0x00000000ed080000,0x00000000ed080000,0x00000000ed580000)
  to   space 5120K, 0% used [0x00000000ecb80000,0x00000000ecb80000,0x00000000ed080000)
 ParOldGen       total 87552K, used 0K [0x00000000c0000000, 0x00000000c5580000, 0x00000000eab00000)
  object space 87552K, 0% used [0x00000000c0000000,0x00000000c0000000,0x00000000c5580000)
 Metaspace       used 5526K, capacity 6704K, committed 6784K, reserved 1056768K
  class space    used 576K, capacity 616K, committed 640K, reserved 1048576K

Card table byte_map: [0x0000000011f10000,0x0000000012120000] byte_map_base: 0x0000000011910000

Marking Bits: (ParMarkBitMap*) 0x0000000062e3a5b0
 Begin Bits: [0x0000000012680000, 0x0000000013680000)
 End Bits:   [0x0000000013680000, 0x0000000014680000)

Polling page: 0x0000000001120000

CodeCache: size=245760Kb used=3112Kb max_used=3123Kb free=242647Kb
 bounds [0x0000000002b50000, 0x0000000002e60000, 0x0000000011b50000]
 total_blobs=1050 nmethods=788 adapters=175
 compilation: enabled

Compilation events (10 events):
Event: 2.544 Thread 0x000000001521a800 nmethod 792 0x0000000002ddfdd0 code [0x0000000002ddff00, 0x0000000002ddff98]
Event: 2.544 Thread 0x000000001521a800  795       4       com.android.dx.ssa.NormalSsaInsn::getOpcode (8 bytes)
Event: 2.545 Thread 0x000000001521a800 nmethod 795 0x0000000002e5d850 code [0x0000000002e5d980, 0x0000000002e5d9f8]
Event: 2.545 Thread 0x000000001521a800  796       4       com.android.dx.ssa.SsaBasicBlock::isReachable (29 bytes)
Event: 2.546 Thread 0x000000001521a800 nmethod 796 0x0000000002e5da90 code [0x0000000002e5dbc0, 0x0000000002e5dc58]
Event: 2.547 Thread 0x000000001521d000 nmethod 793 0x0000000002e5bf50 code [0x0000000002e5c080, 0x0000000002e5c278]
Event: 2.548 Thread 0x000000001521a800  800       4       com.android.dx.rop.code.BasicBlockList::get (9 bytes)
Event: 2.549 Thread 0x000000001521a800 nmethod 800 0x0000000002e5bbd0 code [0x0000000002e5bd20, 0x0000000002e5bdf8]
Event: 2.549 Thread 0x000000001521d000  801       4       java.util.HashMap::containsKey (18 bytes)
Event: 2.550 Thread 0x000000001521a800  802       4       java.util.HashSet::contains (9 bytes)

GC Heap History (0 events):
No events

Deoptimization events (7 events):
Event: 1.431 Thread 0x0000000016d20800 Uncommon trap: reason=unstable_if action=reinterpret pc=0x0000000002cfa99c method=com.android.dx.rop.cst.CstMemberRef.compareTo0(Lcom/android/dx/rop/cst/Constant;)I @ 18
Event: 1.431 Thread 0x0000000016d20800 Uncommon trap: reason=unstable_if action=reinterpret pc=0x0000000002cf8bd4 method=com.android.dx.rop.cst.CstMemberRef.compareTo0(Lcom/android/dx/rop/cst/Constant;)I @ 18
Event: 2.101 Thread 0x000000000284d800 Uncommon trap: reason=unstable_if action=reinterpret pc=0x0000000002d0da54 method=com.android.dx.rop.cst.CstFieldRef.compareTo0(Lcom/android/dx/rop/cst/Constant;)I @ 7
Event: 2.159 Thread 0x000000000284d800 Uncommon trap: reason=unstable_if action=reinterpret pc=0x0000000002cd9ad0 method=java.lang.String.<init>([CII)V @ 18
Event: 2.198 Thread 0x000000000284d800 Uncommon trap: reason=unstable_if action=reinterpret pc=0x0000000002ddfa78 method=com.android.dx.rop.cst.StdConstantPool.set(ILcom/android/dx/rop/cst/Constant;)V @ 12
Event: 2.393 Thread 0x000000000284d800 Uncommon trap: reason=unloaded action=reinterpret pc=0x0000000002e3b960 method=com.android.dx.cf.cst.ConstantPoolParser.parse0(ILjava/util/BitSet;)Lcom/android/dx/rop/cst/Constant; @ 475
Event: 2.510 Thread 0x0000000016cd5000 Uncommon trap: reason=unstable_if action=reinterpret pc=0x0000000002d94528 method=java.util.HashMap.getNode(ILjava/lang/Object;)Ljava/util/HashMap$Node; @ 129

Internal exceptions (2 events):
Event: 0.091 Thread 0x000000000284d800 Exception <a 'java/lang/NoSuchMethodError': Method sun.misc.Unsafe.defineClass(Ljava/lang/String;[BII)Ljava/lang/Class; name or signature does not match> (0x00000000eab0d860) thrown at [C:\workspace\8-2-build-windows-amd64-cygwin\jdk8u65\4987\hotspot\src\s`^Íþˆb·?
Event: 0.091 Thread 0x000000000284d800 Exception <a 'java/lang/NoSuchMethodError': Method sun.misc.Unsafe.prefetchRead(Ljava/lang/Object;J)V name or signature does not match> (0x00000000eab0db48) thrown at [C:\workspace\8-2-build-windows-amd64-cygwin\jdk8u65\4987\hotspot\src\share\vm\prims\jni.

Events (10 events):
Event: 2.465 loading class com/android/dx/cf/attrib/AttSignature done
Event: 2.509 loading class com/android/dx/dex/file/FieldAnnotationStruct
Event: 2.509 loading class com/android/dx/dex/file/FieldAnnotationStruct done
Event: 2.510 Thread 0x0000000016cd5000 Uncommon trap: trap_request=0xffffff65 fr.pc=0x0000000002d94528
Event: 2.510 Thread 0x0000000016cd5000 DEOPT PACKING pc=0x0000000002d94528 sp=0x000000001727e970
Event: 2.511 Thread 0x0000000016cd5000 DEOPT UNPACKING pc=0x0000000002b9582a sp=0x000000001727e8e8 mode 2
Event: 2.516 loading class com/android/dx/cf/attrib/AttLocalVariableTypeTable
Event: 2.516 loading class com/android/dx/cf/attrib/AttLocalVariableTypeTable done
Event: 2.543 loading class java/util/ArrayList$1
Event: 2.543 loading class java/util/ArrayList$1 done


Dynamic libraries:
0x00007ff761180000 - 0x00007ff7611b7000 	C:\Program Files\Java\jdk1.8.0_65\bin\java.exe
0x00007ffe24fc0000 - 0x00007ffe25191000 	C:\WINDOWS\SYSTEM32\ntdll.dll
0x00007ffe229f0000 - 0x00007ffe22a9b000 	C:\WINDOWS\System32\KERNEL32.DLL
0x00007ffe21ff0000 - 0x00007ffe2220d000 	C:\WINDOWS\System32\KERNELBASE.dll
0x00007ffe24800000 - 0x00007ffe248a2000 	C:\WINDOWS\System32\ADVAPI32.dll
0x00007ffe22880000 - 0x00007ffe2291e000 	C:\WINDOWS\System32\msvcrt.dll
0x00007ffe23fb0000 - 0x00007ffe24009000 	C:\WINDOWS\System32\sechost.dll
0x00007ffe24a20000 - 0x00007ffe24b41000 	C:\WINDOWS\System32\RPCRT4.dll
0x00007ffe248b0000 - 0x00007ffe24a15000 	C:\WINDOWS\System32\USER32.dll
0x00007ffe21ed0000 - 0x00007ffe21eee000 	C:\WINDOWS\System32\win32u.dll
0x00007ffe24f80000 - 0x00007ffe24fb4000 	C:\WINDOWS\System32\GDI32.dll
0x00007ffe222b0000 - 0x00007ffe22432000 	C:\WINDOWS\System32\gdi32full.dll
0x00007ffe14610000 - 0x00007ffe1488a000 	C:\WINDOWS\WinSxS\amd64_microsoft.windows.common-controls_6595b64144ccf1df_6.0.14393.351_none_4213128bc687e6d3\COMCTL32.dll
0x00007ffe225b0000 - 0x00007ffe22877000 	C:\WINDOWS\System32\combase.dll
0x00007ffe21ef0000 - 0x00007ffe21fe5000 	C:\WINDOWS\System32\ucrtbase.dll
0x00007ffe21c40000 - 0x00007ffe21caa000 	C:\WINDOWS\System32\bcryptPrimitives.dll
0x00007ffe24170000 - 0x00007ffe2419e000 	C:\WINDOWS\System32\IMM32.DLL
0x0000000063510000 - 0x00000000635e2000 	C:\Program Files\Java\jdk1.8.0_65\jre\bin\msvcr100.dll
0x0000000062630000 - 0x0000000062eb9000 	C:\Program Files\Java\jdk1.8.0_65\jre\bin\server\jvm.dll
0x00007ffe24590000 - 0x00007ffe24598000 	C:\WINDOWS\System32\PSAPI.DLL
0x00007ffe13150000 - 0x00007ffe13159000 	C:\WINDOWS\SYSTEM32\WSOCK32.dll
0x00007ffe242f0000 - 0x00007ffe2435a000 	C:\WINDOWS\System32\WS2_32.dll
0x00007ffe1f750000 - 0x00007ffe1f773000 	C:\WINDOWS\SYSTEM32\WINMM.dll
0x00007ffe14c90000 - 0x00007ffe14c9a000 	C:\WINDOWS\SYSTEM32\VERSION.dll
0x00007ffe1f610000 - 0x00007ffe1f63b000 	C:\WINDOWS\SYSTEM32\WINMMBASE.dll
0x00007ffe21e80000 - 0x00007ffe21ec2000 	C:\WINDOWS\System32\cfgmgr32.dll
0x0000000063ef0000 - 0x0000000063eff000 	C:\Program Files\Java\jdk1.8.0_65\jre\bin\verify.dll
0x0000000063ec0000 - 0x0000000063ee9000 	C:\Program Files\Java\jdk1.8.0_65\jre\bin\java.dll
0x0000000063ea0000 - 0x0000000063eb6000 	C:\Program Files\Java\jdk1.8.0_65\jre\bin\zip.dll
0x00007ffe22aa0000 - 0x00007ffe23fa9000 	C:\WINDOWS\System32\SHELL32.dll
0x00007ffe214b0000 - 0x00007ffe21b8a000 	C:\WINDOWS\System32\windows.storage.dll
0x00007ffe21460000 - 0x00007ffe214ac000 	C:\WINDOWS\System32\powrprof.dll
0x00007ffe24010000 - 0x00007ffe24062000 	C:\WINDOWS\System32\shlwapi.dll
0x00007ffe21450000 - 0x00007ffe2145f000 	C:\WINDOWS\System32\kernel.appcore.dll
0x00007ffe21b90000 - 0x00007ffe21c39000 	C:\WINDOWS\System32\shcore.dll
0x00007ffe21420000 - 0x00007ffe21434000 	C:\WINDOWS\System32\profapi.dll

VM Arguments:
jvm_args: -Djava.awt.headless=true -Xmx1024M -Dfile.encoding=windows-1252 -Duser.country=US -Duser.language=en -Duser.variant 
java_command: com.android.dx.command.Main --dex --num-threads=4 --output C:\Transfer\Dropbox\androidstuff\miniSink2\app\build\intermediates\pre-dexed\debug\debug_d403dfdbba050e683f7b9620d3d64f4cfa2e34f4.jar C:\Transfer\Dropbox\androidstuff\miniSink2\app\build\intermediates\classes\debug
java_class_path (initial): C:\Users\sse\AppData\Local\Android\sdk\build-tools\23.0.2\lib\dx.jar
Launcher Type: SUN_STANDARD

Environment Variables:
JAVA_HOME=C:\Program Files\Java\jdk1.8.0_65
PATH=C:\app\sse\product\11.2.0\dbhome_1\bin;C:\Program Files (x86)\Embarcadero\Studio\16.0\bin;C:\Users\Public\Documents\Embarcadero\Studio\16.0\Bpl;C:\Program Files (x86)\Embarcadero\Studio\16.0\bin64;C:\Users\Public\Documents\Embarcadero\Studio\16.0\Bpl\Win64;C:\Program Files (x86)\RSA SecurID Token Common;C:\ProgramData\Oracle\Java\javapath;C:\WINDOWS\system32;C:\WINDOWS;C:\WINDOWS\System32\Wbem;C:\WINDOWS\System32\WindowsPowerShell\v1.0\;C:\Program Files (x86)\WinMerge;C:\Users\sse\.dnx\bin;C:\Program Files\Microsoft DNX\Dnvm\;C:\Program Files\Microsoft SQL Server\120\Tools\Binn\;C:\Program Files (x86)\Windows Kits\10\Windows Performance Toolkit\;C:\Program Files (x86)\nodejs\;C:\Program Files (x86)\Microsoft SQL Server\120\DTS\Binn\;C:\Program Files (x86)\Microsoft SQL Server\Client SDK\ODBC\110\Tools\Binn\;C:\Program Files (x86)\Microsoft SQL Server\120\Tools\Binn\;C:\Program Files (x86)\Microsoft SQL Server\120\Tools\Binn\ManagementStudio\;C:\Users\sse\AppData\Roaming\npm;%USERPROFILE%\AppData\Local\Microsoft\WindowsApps;
USERNAME=sse
OS=Windows_NT
PROCESSOR_IDENTIFIER=Intel64 Family 6 Model 58 Stepping 9, GenuineIntel



---------------  S Y S T E M  ---------------

OS: Windows 10.0 , 64 bit Build 14393 (10.0.14393.0)

CPU:total 4 (2 cores per cpu, 2 threads per core) family 6 model 58 stepping 9, cmov, cx8, fxsr, mmx, sse, sse2, sse3, ssse3, sse4.1, sse4.2, popcnt, avx, aes, clmul, erms, ht, tsc, tscinvbit, tscinv

Memory: 4k page, physical 8264984k(1182912k free), swap 14424820k(168k free)

vm_info: Java HotSpot(TM) 64-Bit Server VM (25.65-b01) for windows-amd64 JRE (1.8.0_65-b17), built on Oct  6 2015 16:39:20 by "java_re" with MS VC++ 10.0 (VS2010)

time: Tue Nov 08 15:39:30 2016
elapsed time: 2 seconds (0d 0h 0m 2s)

