#
# There is insufficient memory for the Java Runtime Environment to continue.
# Native memory allocation (malloc) failed to allocate 261936 bytes for Chunk::new
# Possible reasons:
#   The system is out of physical RAM or swap space
#   In 32 bit mode, the process size limit was hit
# Possible solutions:
#   Reduce memory load on the system
#   Increase physical memory or swap space
#   Check if swap backing store is full
#   Use 64 bit Java on a 64 bit OS
#   Decrease Java heap size (-Xmx/-Xms)
#   Decrease number of Java threads
#   Decrease Java thread stack sizes (-Xss)
#   Set larger code cache with -XX:ReservedCodeCacheSize=
# This output file may be truncated or incomplete.
#
#  Out of Memory Error (allocation.cpp:390), pid=8288, tid=11400
#
# JRE version: Java(TM) SE Runtime Environment (8.0_65-b17) (build 1.8.0_65-b17)
# Java VM: Java HotSpot(TM) 64-Bit Server VM (25.65-b01 mixed mode windows-amd64 compressed oops)
# Failed to write core dump. Minidumps are not enabled by default on client versions of Windows
#

---------------  T H R E A D  ---------------

Current thread (0x00000000149db800):  JavaThread "C2 CompilerThread0" daemon [_thread_in_native, id=11400, stack(0x0000000016020000,0x0000000016120000)]

Stack: [0x0000000016020000,0x0000000016120000]
[error occurred during error reporting (printing stack bounds), id 0xc0000005]

Native frames: (J=compiled Java code, j=interpreted, Vv=VM code, C=native code)


Current CompileTask:
C2:   4619 1786       4       com.android.dx.ssa.SsaBasicBlock::newFromRop (183 bytes)


---------------  P R O C E S S  ---------------

Java Threads: ( => current thread )
  0x00000000165d3000 JavaThread "pool-1-thread-4" [_thread_in_Java, id=12268, stack(0x0000000016d20000,0x0000000016e20000)]
  0x00000000165d1800 JavaThread "pool-1-thread-3" [_thread_in_Java, id=14120, stack(0x0000000016c20000,0x0000000016d20000)]
  0x00000000165d0800 JavaThread "pool-1-thread-2" [_thread_in_Java, id=14068, stack(0x0000000016b20000,0x0000000016c20000)]
  0x00000000165cf800 JavaThread "pool-2-thread-1" [_thread_blocked, id=1636, stack(0x0000000016a20000,0x0000000016b20000)]
  0x00000000165cb000 JavaThread "pool-1-thread-1" [_thread_blocked, id=8672, stack(0x0000000016920000,0x0000000016a20000)]
  0x0000000016323800 JavaThread "Service Thread" daemon [_thread_blocked, id=10484, stack(0x0000000016720000,0x0000000016820000)]
  0x0000000014a3d800 JavaThread "C1 CompilerThread2" daemon [_thread_blocked, id=13684, stack(0x0000000016220000,0x0000000016320000)]
  0x00000000149e1000 JavaThread "C2 CompilerThread1" daemon [_thread_in_native, id=14012, stack(0x0000000016120000,0x0000000016220000)]
=>0x00000000149db800 JavaThread "C2 CompilerThread0" daemon [_thread_in_native, id=11400, stack(0x0000000016020000,0x0000000016120000)]
  0x00000000149d8800 JavaThread "Attach Listener" daemon [_thread_blocked, id=14048, stack(0x0000000015f20000,0x0000000016020000)]
  0x00000000149d7000 JavaThread "Signal Dispatcher" daemon [_thread_blocked, id=12712, stack(0x0000000015e20000,0x0000000015f20000)]
  0x0000000002301000 JavaThread "Finalizer" daemon [_thread_blocked, id=13836, stack(0x0000000015c30000,0x0000000015d30000)]
  0x00000000022fe000 JavaThread "Reference Handler" daemon [_thread_blocked, id=13892, stack(0x0000000015b30000,0x0000000015c30000)]
  0x000000000089d800 JavaThread "main" [_thread_blocked, id=3916, stack(0x0000000002010000,0x0000000002110000)]

Other Threads:
  0x00000000149a7800 VMThread [stack: 0x0000000015a30000,0x0000000015b30000] [id=6984]
  0x000000001632b800 WatcherThread [stack: 0x0000000016820000,0x0000000016920000] [id=13900]

VM state:not at safepoint (normal execution)

VM Mutex/Monitor currently owned by a thread: None

Heap:
 PSYoungGen      total 38400K, used 37801K [0x00000000eab00000, 0x00000000ed580000, 0x0000000100000000)
  eden space 33280K, 98% used [0x00000000eab00000,0x00000000ecaefa58,0x00000000ecb80000)
  from space 5120K, 99% used [0x00000000ecb80000,0x00000000ed07ab48,0x00000000ed080000)
  to   space 5120K, 0% used [0x00000000ed080000,0x00000000ed080000,0x00000000ed580000)
 ParOldGen       total 87552K, used 9181K [0x00000000c0000000, 0x00000000c5580000, 0x00000000eab00000)
  object space 87552K, 10% used [0x00000000c0000000,0x00000000c08f74f8,0x00000000c5580000)
 Metaspace       used 6305K, capacity 7152K, committed 7296K, reserved 1056768K
  class space    used 602K, capacity 616K, committed 640K, reserved 1048576K

Card table byte_map: [0x00000000116d0000,0x00000000118e0000] byte_map_base: 0x00000000110d0000

Marking Bits: (ParMarkBitMap*) 0x0000000062e3a5b0
 Begin Bits: [0x0000000011e40000, 0x0000000012e40000)
 End Bits:   [0x0000000012e40000, 0x0000000013e40000)

Polling page: 0x0000000000460000

CodeCache: size=245760Kb used=6907Kb max_used=6907Kb free=238852Kb
 bounds [0x0000000002310000, 0x00000000029e0000, 0x0000000011310000]
 total_blobs=2027 nmethods=1757 adapters=182
 compilation: enabled

Compilation events (10 events):
Event: 4.594 Thread 0x0000000014a3d800 1801       2       com.android.dx.dex.file.MethodAnnotationStruct::<init> (43 bytes)
Event: 4.594 Thread 0x0000000014a3d800 nmethod 1801 0x00000000029d1290 code [0x00000000029d1420, 0x00000000029d16f8]
Event: 4.598 Thread 0x0000000014a3d800 1802       2       java.util.concurrent.locks.ReentrantLock$NonfairSync::lock (25 bytes)
Event: 4.599 Thread 0x0000000014a3d800 nmethod 1802 0x00000000029d0d10 code [0x00000000029d0ea0, 0x00000000029d10f8]
Event: 4.605 Thread 0x0000000014a3d800 1803       2       java.util.concurrent.locks.AbstractQueuedSynchronizer::compareAndSetTail (13 bytes)
Event: 4.606 Thread 0x0000000014a3d800 nmethod 1803 0x00000000029d09d0 code [0x00000000029d0b20, 0x00000000029d0c90]
Event: 4.611 Thread 0x0000000014a3d800 1804       2       java.util.concurrent.locks.AbstractQueuedSynchronizer::setHead (16 bytes)
Event: 4.611 Thread 0x0000000014a3d800 nmethod 1804 0x00000000029d0590 code [0x00000000029d06e0, 0x00000000029d0890]
Event: 4.611 Thread 0x0000000014a3d800 1805       2       java.util.concurrent.locks.LockSupport::unpark (12 bytes)
Event: 4.611 Thread 0x0000000014a3d800 nmethod 1805 0x00000000029d37d0 code [0x00000000029d3940, 0x00000000029d3aa8]

GC Heap History (6 events):
Event: 1.350 GC heap before
{Heap before GC invocations=1 (full 0):
 PSYoungGen      total 38400K, used 33280K [0x00000000eab00000, 0x00000000ed580000, 0x0000000100000000)
  eden space 33280K, 100% used [0x00000000eab00000,0x00000000ecb80000,0x00000000ecb80000)
  from space 5120K, 0% used [0x00000000ed080000,0x00000000ed080000,0x00000000ed580000)
  to   space 5120K, 0% used [0x00000000ecb80000,0x00000000ecb80000,0x00000000ed080000)
 ParOldGen       total 87552K, used 0K [0x00000000c0000000, 0x00000000c5580000, 0x00000000eab00000)
  object space 87552K, 0% used [0x00000000c0000000,0x00000000c0000000,0x00000000c5580000)
 Metaspace       used 5900K, capacity 6832K, committed 7040K, reserved 1056768K
  class space    used 601K, capacity 616K, committed 640K, reserved 1048576K
Event: 1.439 GC heap after
Heap after GC invocations=1 (full 0):
 PSYoungGen      total 38400K, used 5108K [0x00000000eab00000, 0x00000000ed580000, 0x0000000100000000)
  eden space 33280K, 0% used [0x00000000eab00000,0x00000000eab00000,0x00000000ecb80000)
  from space 5120K, 99% used [0x00000000ecb80000,0x00000000ed07d2e0,0x00000000ed080000)
  to   space 5120K, 0% used [0x00000000ed080000,0x00000000ed080000,0x00000000ed580000)
 ParOldGen       total 87552K, used 310K [0x00000000c0000000, 0x00000000c5580000, 0x00000000eab00000)
  object space 87552K, 0% used [0x00000000c0000000,0x00000000c004d9a8,0x00000000c5580000)
 Metaspace       used 5900K, capacity 6832K, committed 7040K, reserved 1056768K
  class space    used 601K, capacity 616K, committed 640K, reserved 1048576K
}
Event: 2.206 GC heap before
{Heap before GC invocations=2 (full 0):
 PSYoungGen      total 38400K, used 38388K [0x00000000eab00000, 0x00000000ed580000, 0x0000000100000000)
  eden space 33280K, 100% used [0x00000000eab00000,0x00000000ecb80000,0x00000000ecb80000)
  from space 5120K, 99% used [0x00000000ecb80000,0x00000000ed07d2e0,0x00000000ed080000)
  to   space 5120K, 0% used [0x00000000ed080000,0x00000000ed080000,0x00000000ed580000)
 ParOldGen       total 87552K, used 310K [0x00000000c0000000, 0x00000000c5580000, 0x00000000eab00000)
  object space 87552K, 0% used [0x00000000c0000000,0x00000000c004d9a8,0x00000000c5580000)
 Metaspace       used 6202K, capacity 7088K, committed 7296K, reserved 1056768K
  class space    used 601K, capacity 616K, committed 640K, reserved 1048576K
Event: 2.354 GC heap after
Heap after GC invocations=2 (full 0):
 PSYoungGen      total 38400K, used 5098K [0x00000000eab00000, 0x00000000ed580000, 0x0000000100000000)
  eden space 33280K, 0% used [0x00000000eab00000,0x00000000eab00000,0x00000000ecb80000)
  from space 5120K, 99% used [0x00000000ed080000,0x00000000ed57aab8,0x00000000ed580000)
  to   space 5120K, 0% used [0x00000000ecb80000,0x00000000ecb80000,0x00000000ed080000)
 ParOldGen       total 87552K, used 4206K [0x00000000c0000000, 0x00000000c5580000, 0x00000000eab00000)
  object space 87552K, 4% used [0x00000000c0000000,0x00000000c041bb08,0x00000000c5580000)
 Metaspace       used 6202K, capacity 7088K, committed 7296K, reserved 1056768K
  class space    used 601K, capacity 616K, committed 640K, reserved 1048576K
}
Event: 3.427 GC heap before
{Heap before GC invocations=3 (full 0):
 PSYoungGen      total 38400K, used 38378K [0x00000000eab00000, 0x00000000ed580000, 0x0000000100000000)
  eden space 33280K, 100% used [0x00000000eab00000,0x00000000ecb80000,0x00000000ecb80000)
  from space 5120K, 99% used [0x00000000ed080000,0x00000000ed57aab8,0x00000000ed580000)
  to   space 5120K, 0% used [0x00000000ecb80000,0x00000000ecb80000,0x00000000ed080000)
 ParOldGen       total 87552K, used 4206K [0x00000000c0000000, 0x00000000c5580000, 0x00000000eab00000)
  object space 87552K, 4% used [0x00000000c0000000,0x00000000c041bb08,0x00000000c5580000)
 Metaspace       used 6282K, capacity 7152K, committed 7296K, reserved 1056768K
  class space    used 602K, capacity 616K, committed 640K, reserved 1048576K
Event: 4.152 GC heap after
Heap after GC invocations=3 (full 0):
 PSYoungGen      total 38400K, used 5098K [0x00000000eab00000, 0x00000000ed580000, 0x0000000100000000)
  eden space 33280K, 0% used [0x00000000eab00000,0x00000000eab00000,0x00000000ecb80000)
  from space 5120K, 99% used [0x00000000ecb80000,0x00000000ed07ab48,0x00000000ed080000)
  to   space 5120K, 0% used [0x00000000ed080000,0x00000000ed080000,0x00000000ed580000)
 ParOldGen       total 87552K, used 9181K [0x00000000c0000000, 0x00000000c5580000, 0x00000000eab00000)
  object space 87552K, 10% used [0x00000000c0000000,0x00000000c08f74f8,0x00000000c5580000)
 Metaspace       used 6282K, capacity 7152K, committed 7296K, reserved 1056768K
  class space    used 602K, capacity 616K, committed 640K, reserved 1048576K
}

Deoptimization events (10 events):
Event: 1.161 Thread 0x00000000165d1800 Uncommon trap: reason=class_check action=maybe_recompile pc=0x00000000025a6930 method=com.android.dx.ssa.NormalSsaInsn.accept(Lcom/android/dx/ssa/SsaInsn$Visitor;)V @ 9
Event: 1.196 Thread 0x000000000089d800 Uncommon trap: reason=unstable_if action=reinterpret pc=0x000000000267bddc method=com.android.dx.rop.cst.Constant.compareTo(Lcom/android/dx/rop/cst/Constant;)I @ 12
Event: 1.448 Thread 0x000000000089d800 Uncommon trap: reason=unstable_if action=reinterpret pc=0x00000000026487d0 method=java.lang.String.<init>([CII)V @ 18
Event: 1.982 Thread 0x00000000165d0800 Uncommon trap: reason=unstable_if action=reinterpret pc=0x00000000027583dc method=com.android.dx.ssa.SsaMethod.updateOneDefinition(Lcom/android/dx/ssa/SsaInsn;Lcom/android/dx/rop/code/RegisterSpec;)V @ 4
Event: 2.401 Thread 0x000000000089d800 Uncommon trap: reason=unstable_if action=reinterpret pc=0x0000000002902a34 method=com.android.dx.ssa.SCCP.simulateBranch(Lcom/android/dx/ssa/SsaInsn;)V @ 548
Event: 2.405 Thread 0x000000000089d800 Uncommon trap: reason=null_check action=make_not_entrant pc=0x0000000002760860 method=com.android.dx.rop.type.Type.equals(Ljava/lang/Object;)Z @ 8
Event: 2.849 Thread 0x00000000165d3000 Uncommon trap: reason=unstable_if action=reinterpret pc=0x0000000002795e4c method=com.android.dx.ssa.MoveParamCombiner$1.visitNonMoveInsn(Lcom/android/dx/ssa/NormalSsaInsn;)V @ 27
Event: 4.568 Thread 0x000000000089d800 Uncommon trap: reason=unstable_if action=reinterpret pc=0x000000000275c674 method=java.util.HashMap.putVal(ILjava/lang/Object;Ljava/lang/Object;ZZ)Ljava/lang/Object; @ 162
Event: 4.576 Thread 0x000000000089d800 Uncommon trap: reason=unstable_if action=reinterpret pc=0x0000000002544d38 method=java.util.HashMap.getNode(ILjava/lang/Object;)Ljava/util/HashMap$Node; @ 84
Event: 4.576 Thread 0x000000000089d800 Uncommon trap: reason=unstable_if action=reinterpret pc=0x000000000255aa44 method=java.util.HashMap.getNode(ILjava/lang/Object;)Ljava/util/HashMap$Node; @ 84

Internal exceptions (3 events):
Event: 0.140 Thread 0x000000000089d800 Exception <a 'java/lang/NoSuchMethodError': Method sun.misc.Unsafe.defineClass(Ljava/lang/String;[BII)Ljava/lang/Class; name or signature does not match> (0x00000000eab0d940) thrown at [C:\workspace\8-2-build-windows-amd64-cygwin\jdk8u65\4987\hotspot\src\sœπESûÒ¡?
Event: 0.140 Thread 0x000000000089d800 Exception <a 'java/lang/NoSuchMethodError': Method sun.misc.Unsafe.prefetchRead(Ljava/lang/Object;J)V name or signature does not match> (0x00000000eab0dc28) thrown at [C:\workspace\8-2-build-windows-amd64-cygwin\jdk8u65\4987\hotspot\src\share\vm\prims\jni.¢—IIa>@
Event: 2.405 Thread 0x000000000089d800 Implicit null exception at 0x0000000002760762 to 0x0000000002760852

Events (10 events):
Event: 4.539 Executing VM operation: EnableBiasedLocking done
Event: 4.568 Thread 0x000000000089d800 Uncommon trap: trap_request=0xffffff65 fr.pc=0x000000000275c674
Event: 4.568 Thread 0x000000000089d800 DEOPT PACKING pc=0x000000000275c674 sp=0x000000000210dfd0
Event: 4.568 Thread 0x000000000089d800 DEOPT UNPACKING pc=0x000000000235582a sp=0x000000000210df58 mode 2
Event: 4.576 Thread 0x000000000089d800 Uncommon trap: trap_request=0xffffff65 fr.pc=0x0000000002544d38
Event: 4.576 Thread 0x000000000089d800 DEOPT PACKING pc=0x0000000002544d38 sp=0x000000000210dcc0
Event: 4.576 Thread 0x000000000089d800 DEOPT UNPACKING pc=0x000000000235582a sp=0x000000000210dbf0 mode 2
Event: 4.576 Thread 0x000000000089d800 Uncommon trap: trap_request=0xffffff65 fr.pc=0x000000000255aa44
Event: 4.576 Thread 0x000000000089d800 DEOPT PACKING pc=0x000000000255aa44 sp=0x000000000210dc40
Event: 4.576 Thread 0x000000000089d800 DEOPT UNPACKING pc=0x000000000235582a sp=0x000000000210dbe0 mode 2


Dynamic libraries:
0x00007ff761180000 - 0x00007ff7611b7000 	C:\Program Files\Java\jdk1.8.0_65\bin\java.exe
0x00007ffe24fc0000 - 0x00007ffe25191000 	C:\WINDOWS\SYSTEM32\ntdll.dll
0x00007ffe229f0000 - 0x00007ffe22a9b000 	C:\WINDOWS\System32\KERNEL32.DLL
0x00007ffe21ff0000 - 0x00007ffe2220d000 	C:\WINDOWS\System32\KERNELBASE.dll
0x00007ffe24800000 - 0x00007ffe248a2000 	C:\WINDOWS\System32\ADVAPI32.dll
0x00007ffe22880000 - 0x00007ffe2291e000 	C:\WINDOWS\System32\msvcrt.dll
0x00007ffe23fb0000 - 0x00007ffe24009000 	C:\WINDOWS\System32\sechost.dll
0x00007ffe24a20000 - 0x00007ffe24b41000 	C:\WINDOWS\System32\RPCRT4.dll
0x00007ffe248b0000 - 0x00007ffe24a15000 	C:\WINDOWS\System32\USER32.dll
0x00007ffe21ed0000 - 0x00007ffe21eee000 	C:\WINDOWS\System32\win32u.dll
0x00007ffe24f80000 - 0x00007ffe24fb4000 	C:\WINDOWS\System32\GDI32.dll
0x00007ffe222b0000 - 0x00007ffe22432000 	C:\WINDOWS\System32\gdi32full.dll
0x00007ffe14610000 - 0x00007ffe1488a000 	C:\WINDOWS\WinSxS\amd64_microsoft.windows.common-controls_6595b64144ccf1df_6.0.14393.351_none_4213128bc687e6d3\COMCTL32.dll
0x00007ffe225b0000 - 0x00007ffe22877000 	C:\WINDOWS\System32\combase.dll
0x00007ffe21ef0000 - 0x00007ffe21fe5000 	C:\WINDOWS\System32\ucrtbase.dll
0x00007ffe21c40000 - 0x00007ffe21caa000 	C:\WINDOWS\System32\bcryptPrimitives.dll
0x00007ffe24170000 - 0x00007ffe2419e000 	C:\WINDOWS\System32\IMM32.DLL
0x0000000063510000 - 0x00000000635e2000 	C:\Program Files\Java\jdk1.8.0_65\jre\bin\msvcr100.dll
0x0000000062630000 - 0x0000000062eb9000 	C:\Program Files\Java\jdk1.8.0_65\jre\bin\server\jvm.dll
0x00007ffe24590000 - 0x00007ffe24598000 	C:\WINDOWS\System32\PSAPI.DLL
0x00007ffe13150000 - 0x00007ffe13159000 	C:\WINDOWS\SYSTEM32\WSOCK32.dll
0x00007ffe242f0000 - 0x00007ffe2435a000 	C:\WINDOWS\System32\WS2_32.dll
0x00007ffe1f750000 - 0x00007ffe1f773000 	C:\WINDOWS\SYSTEM32\WINMM.dll
0x00007ffe14c90000 - 0x00007ffe14c9a000 	C:\WINDOWS\SYSTEM32\VERSION.dll
0x00007ffe1f610000 - 0x00007ffe1f63b000 	C:\WINDOWS\SYSTEM32\WINMMBASE.dll
0x00007ffe21e80000 - 0x00007ffe21ec2000 	C:\WINDOWS\System32\cfgmgr32.dll
0x0000000063ef0000 - 0x0000000063eff000 	C:\Program Files\Java\jdk1.8.0_65\jre\bin\verify.dll
0x0000000063ec0000 - 0x0000000063ee9000 	C:\Program Files\Java\jdk1.8.0_65\jre\bin\java.dll
0x0000000063ea0000 - 0x0000000063eb6000 	C:\Program Files\Java\jdk1.8.0_65\jre\bin\zip.dll
0x00007ffe22aa0000 - 0x00007ffe23fa9000 	C:\WINDOWS\System32\SHELL32.dll
0x00007ffe214b0000 - 0x00007ffe21b8a000 	C:\WINDOWS\System32\windows.storage.dll
0x00007ffe21460000 - 0x00007ffe214ac000 	C:\WINDOWS\System32\powrprof.dll
0x00007ffe24010000 - 0x00007ffe24062000 	C:\WINDOWS\System32\shlwapi.dll
0x00007ffe21450000 - 0x00007ffe2145f000 	C:\WINDOWS\System32\kernel.appcore.dll
0x00007ffe21b90000 - 0x00007ffe21c39000 	C:\WINDOWS\System32\shcore.dll
0x00007ffe21420000 - 0x00007ffe21434000 	C:\WINDOWS\System32\profapi.dll

VM Arguments:
jvm_args: -Djava.awt.headless=true -Xmx1024M -Dfile.encoding=windows-1252 -Duser.country=US -Duser.language=en -Duser.variant 
java_command: com.android.dx.command.Main --dex --num-threads=4 --output C:\Transfer\Dropbox\androidstuff\miniSink2\app\build\intermediates\pre-dexed\debug\com.google.android.gms-play-services-basement-8.4.0_489f1fb10b2eb93738c9a7176ac8a2fa52a5ea2f.jar C:\Transfer\Dropbox\androidstuff\miniSink2\app\build\intermediates\exploded-aar\com.google.android.gms\play-services-basement\8.4.0\jars\classes.jar
java_class_path (initial): C:\Users\sse\AppData\Local\Android\sdk\build-tools\23.0.2\lib\dx.jar
Launcher Type: SUN_STANDARD

Environment Variables:
JAVA_HOME=C:\Program Files\Java\jdk1.8.0_65
PATH=C:\app\sse\product\11.2.0\dbhome_1\bin;C:\Program Files (x86)\Embarcadero\Studio\16.0\bin;C:\Users\Public\Documents\Embarcadero\Studio\16.0\Bpl;C:\Program Files (x86)\Embarcadero\Studio\16.0\bin64;C:\Users\Public\Documents\Embarcadero\Studio\16.0\Bpl\Win64;C:\Program Files (x86)\RSA SecurID Token Common;C:\ProgramData\Oracle\Java\javapath;C:\WINDOWS\system32;C:\WINDOWS;C:\WINDOWS\System32\Wbem;C:\WINDOWS\System32\WindowsPowerShell\v1.0\;C:\Program Files (x86)\WinMerge;C:\Users\sse\.dnx\bin;C:\Program Files\Microsoft DNX\Dnvm\;C:\Program Files\Microsoft SQL Server\120\Tools\Binn\;C:\Program Files (x86)\Windows Kits\10\Windows Performance Toolkit\;C:\Program Files (x86)\nodejs\;C:\Program Files (x86)\Microsoft SQL Server\120\DTS\Binn\;C:\Program Files (x86)\Microsoft SQL Server\Client SDK\ODBC\110\Tools\Binn\;C:\Program Files (x86)\Microsoft SQL Server\120\Tools\Binn\;C:\Program Files (x86)\Microsoft SQL Server\120\Tools\Binn\ManagementStudio\;C:\Users\sse\AppData\Roaming\npm;%USERPROFILE%\AppData\Local\Microsoft\WindowsApps;
USERNAME=sse
OS=Windows_NT
PROCESSOR_IDENTIFIER=Intel64 Family 6 Model 58 Stepping 9, GenuineIntel



---------------  S Y S T E M  ---------------

OS: Windows 10.0 , 64 bit Build 14393 (10.0.14393.0)

CPU:total 4 (2 cores per cpu, 2 threads per core) family 6 model 58 stepping 9, cmov, cx8, fxsr, mmx, sse, sse2, sse3, ssse3, sse4.1, sse4.2, popcnt, avx, aes, clmul, erms, ht, tsc, tscinvbit, tscinv

Memory: 4k page, physical 8264984k(972088k free), swap 14424820k(4380k free)

vm_info: Java HotSpot(TM) 64-Bit Server VM (25.65-b01) for windows-amd64 JRE (1.8.0_65-b17), built on Oct  6 2015 16:39:20 by "java_re" with MS VC++ 10.0 (VS2010)

time: Tue Nov 08 15:39:40 2016
elapsed time: 4 seconds (0d 0h 0m 4s)

