#
# There is insufficient memory for the Java Runtime Environment to continue.
# Native memory allocation (malloc) failed to allocate 274704 bytes for Chunk::new
# Possible reasons:
#   The system is out of physical RAM or swap space
#   In 32 bit mode, the process size limit was hit
# Possible solutions:
#   Reduce memory load on the system
#   Increase physical memory or swap space
#   Check if swap backing store is full
#   Use 64 bit Java on a 64 bit OS
#   Decrease Java heap size (-Xmx/-Xms)
#   Decrease number of Java threads
#   Decrease Java thread stack sizes (-Xss)
#   Set larger code cache with -XX:ReservedCodeCacheSize=
# This output file may be truncated or incomplete.
#
#  Out of Memory Error (allocation.cpp:390), pid=1892, tid=1148
#
# JRE version: Java(TM) SE Runtime Environment (8.0_65-b17) (build 1.8.0_65-b17)
# Java VM: Java HotSpot(TM) 64-Bit Server VM (25.65-b01 mixed mode windows-amd64 compressed oops)
# Failed to write core dump. Minidumps are not enabled by default on client versions of Windows
#

---------------  T H R E A D  ---------------

Current thread (0x0000000014e01000):  JavaThread "C2 CompilerThread1" daemon [_thread_in_native, id=1148, stack(0x0000000016550000,0x0000000016650000)]

Stack: [0x0000000016550000,0x0000000016650000]
[error occurred during error reporting (printing stack bounds), id 0xc0000005]

Native frames: (J=compiled Java code, j=interpreted, Vv=VM code, C=native code)


Current CompileTask:
C2:   4024 1249       4       com.android.dx.ssa.SsaMethod::computeReachability (131 bytes)


---------------  P R O C E S S  ---------------

Java Threads: ( => current thread )
  0x0000000016a7d800 JavaThread "pool-1-thread-4" [_thread_blocked, id=948, stack(0x0000000017950000,0x0000000017a50000)]
  0x0000000016a7d000 JavaThread "pool-1-thread-3" [_thread_in_Java, id=900, stack(0x0000000017850000,0x0000000017950000)]
  0x0000000016a7c000 JavaThread "pool-1-thread-2" [_thread_blocked, id=14208, stack(0x0000000017750000,0x0000000017850000)]
  0x0000000016a4f000 JavaThread "pool-2-thread-1" [_thread_blocked, id=5840, stack(0x0000000017650000,0x0000000017750000)]
  0x0000000016a4e800 JavaThread "pool-1-thread-1" [_thread_blocked, id=9252, stack(0x0000000017550000,0x0000000017650000)]
  0x000000001676e800 JavaThread "Service Thread" daemon [_thread_blocked, id=11240, stack(0x0000000016b50000,0x0000000016c50000)]
  0x0000000014e52000 JavaThread "C1 CompilerThread2" daemon [_thread_in_native_trans, id=3024, stack(0x0000000016650000,0x0000000016750000)]
=>0x0000000014e01000 JavaThread "C2 CompilerThread1" daemon [_thread_in_native, id=1148, stack(0x0000000016550000,0x0000000016650000)]
  0x0000000014dfb800 JavaThread "C2 CompilerThread0" daemon [_thread_in_native, id=880, stack(0x0000000016450000,0x0000000016550000)]
  0x0000000014df8800 JavaThread "Attach Listener" daemon [_thread_blocked, id=8976, stack(0x0000000016350000,0x0000000016450000)]
  0x0000000014df7000 JavaThread "Signal Dispatcher" daemon [_thread_blocked, id=13668, stack(0x0000000016250000,0x0000000016350000)]
  0x0000000002721000 JavaThread "Finalizer" daemon [_thread_blocked, id=12096, stack(0x0000000016060000,0x0000000016160000)]
  0x000000000271e000 JavaThread "Reference Handler" daemon [_thread_blocked, id=8992, stack(0x0000000015f60000,0x0000000016060000)]
  0x000000000235d800 JavaThread "main" [_thread_in_Java, id=7456, stack(0x0000000002430000,0x0000000002530000)]

Other Threads:
  0x0000000014dc7800 VMThread [stack: 0x0000000015e60000,0x0000000015f60000] [id=10732]
  0x000000001677b800 WatcherThread [stack: 0x0000000016c50000,0x0000000016d50000] [id=9704]

VM state:not at safepoint (normal execution)

VM Mutex/Monitor currently owned by a thread: None

Heap:
 PSYoungGen      total 38400K, used 12301K [0x00000000eab00000, 0x00000000ed580000, 0x0000000100000000)
  eden space 33280K, 21% used [0x00000000eab00000,0x00000000eb20a560,0x00000000ecb80000)
  from space 5120K, 99% used [0x00000000ecb80000,0x00000000ed078ec8,0x00000000ed080000)
  to   space 5120K, 0% used [0x00000000ed080000,0x00000000ed080000,0x00000000ed580000)
 ParOldGen       total 87552K, used 642K [0x00000000c0000000, 0x00000000c5580000, 0x00000000eab00000)
  object space 87552K, 0% used [0x00000000c0000000,0x00000000c00a0af8,0x00000000c5580000)
 Metaspace       used 6031K, capacity 6960K, committed 7040K, reserved 1056768K
  class space    used 597K, capacity 616K, committed 640K, reserved 1048576K

Card table byte_map: [0x0000000011af0000,0x0000000011d00000] byte_map_base: 0x00000000114f0000

Marking Bits: (ParMarkBitMap*) 0x0000000062e3a5b0
 Begin Bits: [0x0000000012260000, 0x0000000013260000)
 End Bits:   [0x0000000013260000, 0x0000000014260000)

Polling page: 0x0000000000ab0000

CodeCache: size=245760Kb used=5032Kb max_used=5042Kb free=240727Kb
 bounds [0x0000000002730000, 0x0000000002c30000, 0x0000000011730000]
 total_blobs=1525 nmethods=1256 adapters=182
 compilation: enabled

Compilation events (10 events):
Event: 4.001 Thread 0x0000000014e52000 1248       1       com.android.dx.rop.annotation.NameValuePair::getValue (5 bytes)
Event: 4.001 Thread 0x0000000014e52000 nmethod 1248 0x0000000002c197d0 code [0x0000000002c19920, 0x0000000002c19a30]
Event: 4.003 Thread 0x0000000014e52000 1257       3       com.android.dx.rop.cst.TypedConstant::getFrameType (2 bytes)
Event: 4.003 Thread 0x0000000014e52000 nmethod 1257 0x0000000002c19a90 code [0x0000000002c19be0, 0x0000000002c19d30]
Event: 4.006 Thread 0x0000000014e52000 1258       3       com.android.dx.ssa.SsaMethod::onInsnsChanged (16 bytes)
Event: 4.007 Thread 0x0000000014e52000 nmethod 1258 0x0000000002c1df90 code [0x0000000002c1e0e0, 0x0000000002c1e270]
Event: 4.007 Thread 0x0000000014dfb800 nmethod 1219 0x0000000002c1e310 code [0x0000000002c1e500, 0x0000000002c1fa58]
Event: 4.007 Thread 0x0000000014dfb800 1233   !   4       com.android.dx.rop.code.BasicBlock::<init> (273 bytes)
Event: 4.019 Thread 0x0000000014dfb800 nmethod 1233 0x0000000002c19dd0 code [0x0000000002c19f40, 0x0000000002c1a598]
Event: 4.019 Thread 0x0000000014dfb800 1254       4       com.android.dx.ssa.SsaMethod$2::addToUses (48 bytes)

GC Heap History (2 events):
Event: 3.620 GC heap before
{Heap before GC invocations=1 (full 0):
 PSYoungGen      total 38400K, used 33280K [0x00000000eab00000, 0x00000000ed580000, 0x0000000100000000)
  eden space 33280K, 100% used [0x00000000eab00000,0x00000000ecb80000,0x00000000ecb80000)
  from space 5120K, 0% used [0x00000000ed080000,0x00000000ed080000,0x00000000ed580000)
  to   space 5120K, 0% used [0x00000000ecb80000,0x00000000ecb80000,0x00000000ed080000)
 ParOldGen       total 87552K, used 0K [0x00000000c0000000, 0x00000000c5580000, 0x00000000eab00000)
  object space 87552K, 0% used [0x00000000c0000000,0x00000000c0000000,0x00000000c5580000)
 Metaspace       used 6005K, capacity 6896K, committed 7040K, reserved 1056768K
  class space    used 597K, capacity 616K, committed 640K, reserved 1048576K
Event: 3.954 GC heap after
Heap after GC invocations=1 (full 0):
 PSYoungGen      total 38400K, used 5091K [0x00000000eab00000, 0x00000000ed580000, 0x0000000100000000)
  eden space 33280K, 0% used [0x00000000eab00000,0x00000000eab00000,0x00000000ecb80000)
  from space 5120K, 99% used [0x00000000ecb80000,0x00000000ed078ec8,0x00000000ed080000)
  to   space 5120K, 0% used [0x00000000ed080000,0x00000000ed080000,0x00000000ed580000)
 ParOldGen       total 87552K, used 642K [0x00000000c0000000, 0x00000000c5580000, 0x00000000eab00000)
  object space 87552K, 0% used [0x00000000c0000000,0x00000000c00a0af8,0x00000000c5580000)
 Metaspace       used 6005K, capacity 6896K, committed 7040K, reserved 1056768K
  class space    used 597K, capacity 616K, committed 640K, reserved 1048576K
}

Deoptimization events (9 events):
Event: 2.051 Thread 0x000000000235d800 Uncommon trap: reason=unstable_if action=reinterpret pc=0x000000000291d2e8 method=java.lang.String.<init>([CII)V @ 18
Event: 2.067 Thread 0x0000000016a4e800 Uncommon trap: reason=bimorphic action=maybe_recompile pc=0x000000000293b580 method=java.util.HashMap.getNode(ILjava/lang/Object;)Ljava/util/HashMap$Node; @ 126
Event: 2.067 Thread 0x0000000016a4e800 Uncommon trap: reason=bimorphic action=maybe_recompile pc=0x000000000293b580 method=java.util.HashMap.getNode(ILjava/lang/Object;)Ljava/util/HashMap$Node; @ 126
Event: 2.093 Thread 0x0000000016a4e800 Uncommon trap: reason=unstable_if action=reinterpret pc=0x000000000293b55c method=java.util.HashMap.getNode(ILjava/lang/Object;)Ljava/util/HashMap$Node; @ 129
Event: 2.222 Thread 0x000000000235d800 Uncommon trap: reason=unstable_if action=reinterpret pc=0x0000000002952a70 method=java.util.BitSet.nextSetBit(I)I @ 87
Event: 2.552 Thread 0x000000000235d800 Uncommon trap: reason=class_check action=maybe_recompile pc=0x0000000002a30b84 method=com.android.dx.rop.type.Type.equals(Ljava/lang/Object;)Z @ 8
Event: 2.553 Thread 0x000000000235d800 Uncommon trap: reason=class_check action=maybe_recompile pc=0x0000000002a30b84 method=com.android.dx.rop.type.Type.equals(Ljava/lang/Object;)Z @ 8
Event: 2.571 Thread 0x0000000016a7c000 Uncommon trap: reason=class_check action=maybe_recompile pc=0x0000000002a30b84 method=com.android.dx.rop.type.Type.equals(Ljava/lang/Object;)Z @ 8
Event: 2.571 Thread 0x0000000016a7c000 Uncommon trap: reason=class_check action=maybe_recompile pc=0x0000000002a30b84 method=com.android.dx.rop.type.Type.equals(Ljava/lang/Object;)Z @ 8

Internal exceptions (2 events):
Event: 0.954 Thread 0x000000000235d800 Exception <a 'java/lang/NoSuchMethodError': Method sun.misc.Unsafe.defineClass(Ljava/lang/String;[BII)Ljava/lang/Class; name or signature does not match> (0x00000000eab0d938) thrown at [C:\workspace\8-2-build-windows-amd64-cygwin\jdk8u65\4987\hotspot\src\s¬KA…kŠî?
Event: 0.954 Thread 0x000000000235d800 Exception <a 'java/lang/NoSuchMethodError': Method sun.misc.Unsafe.prefetchRead(Ljava/lang/Object;J)V name or signature does not match> (0x00000000eab0dc20) thrown at [C:\workspace\8-2-build-windows-amd64-cygwin\jdk8u65\4987\hotspot\src\share\vm\prims\jni.

Events (10 events):
Event: 2.584 loading class com/android/dx/cf/code/SwitchList
Event: 2.584 loading class com/android/dx/cf/code/SwitchList done
Event: 2.834 loading class com/android/dx/cf/attrib/AttLocalVariableTypeTable
Event: 2.834 loading class com/android/dx/cf/attrib/AttLocalVariableTypeTable done
Event: 3.149 loading class com/android/dx/cf/attrib/AttExceptions
Event: 3.149 loading class com/android/dx/cf/attrib/AttExceptions done
Event: 3.208 Executing VM operation: ForceSafepoint
Event: 3.209 Executing VM operation: ForceSafepoint done
Event: 3.237 Executing VM operation: ParallelGCFailedAllocation
Event: 3.954 Executing VM operation: ParallelGCFailedAllocation done


Dynamic libraries:
0x00007ff761180000 - 0x00007ff7611b7000 	C:\Program Files\Java\jdk1.8.0_65\bin\java.exe
0x00007ffe24fc0000 - 0x00007ffe25191000 	C:\WINDOWS\SYSTEM32\ntdll.dll
0x00007ffe229f0000 - 0x00007ffe22a9b000 	C:\WINDOWS\System32\KERNEL32.DLL
0x00007ffe21ff0000 - 0x00007ffe2220d000 	C:\WINDOWS\System32\KERNELBASE.dll
0x00007ffe24800000 - 0x00007ffe248a2000 	C:\WINDOWS\System32\ADVAPI32.dll
0x00007ffe22880000 - 0x00007ffe2291e000 	C:\WINDOWS\System32\msvcrt.dll
0x00007ffe23fb0000 - 0x00007ffe24009000 	C:\WINDOWS\System32\sechost.dll
0x00007ffe24a20000 - 0x00007ffe24b41000 	C:\WINDOWS\System32\RPCRT4.dll
0x00007ffe248b0000 - 0x00007ffe24a15000 	C:\WINDOWS\System32\USER32.dll
0x00007ffe21ed0000 - 0x00007ffe21eee000 	C:\WINDOWS\System32\win32u.dll
0x00007ffe24f80000 - 0x00007ffe24fb4000 	C:\WINDOWS\System32\GDI32.dll
0x00007ffe222b0000 - 0x00007ffe22432000 	C:\WINDOWS\System32\gdi32full.dll
0x00007ffe14610000 - 0x00007ffe1488a000 	C:\WINDOWS\WinSxS\amd64_microsoft.windows.common-controls_6595b64144ccf1df_6.0.14393.351_none_4213128bc687e6d3\COMCTL32.dll
0x00007ffe225b0000 - 0x00007ffe22877000 	C:\WINDOWS\System32\combase.dll
0x00007ffe21ef0000 - 0x00007ffe21fe5000 	C:\WINDOWS\System32\ucrtbase.dll
0x00007ffe21c40000 - 0x00007ffe21caa000 	C:\WINDOWS\System32\bcryptPrimitives.dll
0x00007ffe24170000 - 0x00007ffe2419e000 	C:\WINDOWS\System32\IMM32.DLL
0x0000000063510000 - 0x00000000635e2000 	C:\Program Files\Java\jdk1.8.0_65\jre\bin\msvcr100.dll
0x0000000062630000 - 0x0000000062eb9000 	C:\Program Files\Java\jdk1.8.0_65\jre\bin\server\jvm.dll
0x00007ffe24590000 - 0x00007ffe24598000 	C:\WINDOWS\System32\PSAPI.DLL
0x00007ffe13150000 - 0x00007ffe13159000 	C:\WINDOWS\SYSTEM32\WSOCK32.dll
0x00007ffe242f0000 - 0x00007ffe2435a000 	C:\WINDOWS\System32\WS2_32.dll
0x00007ffe1f750000 - 0x00007ffe1f773000 	C:\WINDOWS\SYSTEM32\WINMM.dll
0x00007ffe14c90000 - 0x00007ffe14c9a000 	C:\WINDOWS\SYSTEM32\VERSION.dll
0x00007ffe1f610000 - 0x00007ffe1f63b000 	C:\WINDOWS\SYSTEM32\WINMMBASE.dll
0x00007ffe21e80000 - 0x00007ffe21ec2000 	C:\WINDOWS\System32\cfgmgr32.dll
0x0000000063ef0000 - 0x0000000063eff000 	C:\Program Files\Java\jdk1.8.0_65\jre\bin\verify.dll
0x0000000063ec0000 - 0x0000000063ee9000 	C:\Program Files\Java\jdk1.8.0_65\jre\bin\java.dll
0x0000000063ea0000 - 0x0000000063eb6000 	C:\Program Files\Java\jdk1.8.0_65\jre\bin\zip.dll
0x00007ffe22aa0000 - 0x00007ffe23fa9000 	C:\WINDOWS\System32\SHELL32.dll
0x00007ffe214b0000 - 0x00007ffe21b8a000 	C:\WINDOWS\System32\windows.storage.dll
0x00007ffe21460000 - 0x00007ffe214ac000 	C:\WINDOWS\System32\powrprof.dll
0x00007ffe24010000 - 0x00007ffe24062000 	C:\WINDOWS\System32\shlwapi.dll
0x00007ffe21450000 - 0x00007ffe2145f000 	C:\WINDOWS\System32\kernel.appcore.dll
0x00007ffe21b90000 - 0x00007ffe21c39000 	C:\WINDOWS\System32\shcore.dll
0x00007ffe21420000 - 0x00007ffe21434000 	C:\WINDOWS\System32\profapi.dll

VM Arguments:
jvm_args: -Djava.awt.headless=true -Xmx1024M -Dfile.encoding=windows-1252 -Duser.country=US -Duser.language=en -Duser.variant 
java_command: com.android.dx.command.Main --dex --num-threads=4 --output C:\Transfer\Dropbox\androidstuff\miniSink2\app\build\intermediates\pre-dexed\debug\com.google.android.gms-play-services-drive-8.4.0_eeaa7e75027e83e55399109568935c2797643afa.jar C:\Transfer\Dropbox\androidstuff\miniSink2\app\build\intermediates\exploded-aar\com.google.android.gms\play-services-drive\8.4.0\jars\classes.jar
java_class_path (initial): C:\Users\sse\AppData\Local\Android\sdk\build-tools\23.0.2\lib\dx.jar
Launcher Type: SUN_STANDARD

Environment Variables:
JAVA_HOME=C:\Program Files\Java\jdk1.8.0_65
PATH=C:\app\sse\product\11.2.0\dbhome_1\bin;C:\Program Files (x86)\Embarcadero\Studio\16.0\bin;C:\Users\Public\Documents\Embarcadero\Studio\16.0\Bpl;C:\Program Files (x86)\Embarcadero\Studio\16.0\bin64;C:\Users\Public\Documents\Embarcadero\Studio\16.0\Bpl\Win64;C:\Program Files (x86)\RSA SecurID Token Common;C:\ProgramData\Oracle\Java\javapath;C:\WINDOWS\system32;C:\WINDOWS;C:\WINDOWS\System32\Wbem;C:\WINDOWS\System32\WindowsPowerShell\v1.0\;C:\Program Files (x86)\WinMerge;C:\Users\sse\.dnx\bin;C:\Program Files\Microsoft DNX\Dnvm\;C:\Program Files\Microsoft SQL Server\120\Tools\Binn\;C:\Program Files (x86)\Windows Kits\10\Windows Performance Toolkit\;C:\Program Files (x86)\nodejs\;C:\Program Files (x86)\Microsoft SQL Server\120\DTS\Binn\;C:\Program Files (x86)\Microsoft SQL Server\Client SDK\ODBC\110\Tools\Binn\;C:\Program Files (x86)\Microsoft SQL Server\120\Tools\Binn\;C:\Program Files (x86)\Microsoft SQL Server\120\Tools\Binn\ManagementStudio\;C:\Users\sse\AppData\Roaming\npm;%USERPROFILE%\AppData\Local\Microsoft\WindowsApps;
USERNAME=sse
OS=Windows_NT
PROCESSOR_IDENTIFIER=Intel64 Family 6 Model 58 Stepping 9, GenuineIntel



---------------  S Y S T E M  ---------------

OS: Windows 10.0 , 64 bit Build 14393 (10.0.14393.0)

CPU:total 4 (2 cores per cpu, 2 threads per core) family 6 model 58 stepping 9, cmov, cx8, fxsr, mmx, sse, sse2, sse3, ssse3, sse4.1, sse4.2, popcnt, avx, aes, clmul, erms, ht, tsc, tscinvbit, tscinv

Memory: 4k page, physical 8264984k(934344k free), swap 14424820k(5556k free)

vm_info: Java HotSpot(TM) 64-Bit Server VM (25.65-b01) for windows-amd64 JRE (1.8.0_65-b17), built on Oct  6 2015 16:39:20 by "java_re" with MS VC++ 10.0 (VS2010)

time: Tue Nov 08 15:39:46 2016
elapsed time: 4 seconds (0d 0h 0m 4s)

