#
# There is insufficient memory for the Java Runtime Environment to continue.
# Native memory allocation (malloc) failed to allocate 1667216 bytes for Chunk::new
# Possible reasons:
#   The system is out of physical RAM or swap space
#   In 32 bit mode, the process size limit was hit
# Possible solutions:
#   Reduce memory load on the system
#   Increase physical memory or swap space
#   Check if swap backing store is full
#   Use 64 bit Java on a 64 bit OS
#   Decrease Java heap size (-Xmx/-Xms)
#   Decrease number of Java threads
#   Decrease Java thread stack sizes (-Xss)
#   Set larger code cache with -XX:ReservedCodeCacheSize=
# This output file may be truncated or incomplete.
#
#  Out of Memory Error (allocation.cpp:390), pid=14292, tid=11424
#
# JRE version: Java(TM) SE Runtime Environment (8.0_65-b17) (build 1.8.0_65-b17)
# Java VM: Java HotSpot(TM) 64-Bit Server VM (25.65-b01 mixed mode windows-amd64 compressed oops)
# Failed to write core dump. Minidumps are not enabled by default on client versions of Windows
#

---------------  T H R E A D  ---------------

Current thread (0x0000000014c8b800):  JavaThread "C2 CompilerThread0" daemon [_thread_in_native, id=11424, stack(0x00000000161e0000,0x00000000162e0000)]

Stack: [0x00000000161e0000,0x00000000162e0000]
[error occurred during error reporting (printing stack bounds), id 0xc0000005]

Native frames: (J=compiled Java code, j=interpreted, Vv=VM code, C=native code)


Current CompileTask:
C2:   3927 1267   !   4       com.android.dx.cf.code.BytecodeArray::parseInstruction (2764 bytes)


---------------  P R O C E S S  ---------------

Java Threads: ( => current thread )
  0x0000000016d45000 JavaThread "pool-1-thread-4" [_thread_in_Java, id=12320, stack(0x00000000186b0000,0x00000000187b0000)]
  0x0000000016d41800 JavaThread "pool-1-thread-3" [_thread_in_Java, id=10824, stack(0x00000000185b0000,0x00000000186b0000)]
  0x0000000016f54000 JavaThread "pool-1-thread-2" [_thread_in_Java, id=12836, stack(0x00000000184b0000,0x00000000185b0000)]
  0x0000000016f53800 JavaThread "pool-2-thread-1" [_thread_blocked, id=3780, stack(0x00000000183b0000,0x00000000184b0000)]
  0x0000000016d4f800 JavaThread "pool-1-thread-1" [_thread_in_native, id=8332, stack(0x00000000182b0000,0x00000000183b0000)]
  0x00000000164e6800 JavaThread "Service Thread" daemon [_thread_blocked, id=4472, stack(0x00000000168e0000,0x00000000169e0000)]
  0x0000000014cea000 JavaThread "C1 CompilerThread2" daemon [_thread_in_vm, id=13884, stack(0x00000000163e0000,0x00000000164e0000)]
  0x0000000014c91000 JavaThread "C2 CompilerThread1" daemon [_thread_in_native, id=10500, stack(0x00000000162e0000,0x00000000163e0000)]
=>0x0000000014c8b800 JavaThread "C2 CompilerThread0" daemon [_thread_in_native, id=11424, stack(0x00000000161e0000,0x00000000162e0000)]
  0x0000000014c88800 JavaThread "Attach Listener" daemon [_thread_blocked, id=13656, stack(0x00000000160e0000,0x00000000161e0000)]
  0x0000000014c87000 JavaThread "Signal Dispatcher" daemon [_thread_blocked, id=5220, stack(0x0000000015fe0000,0x00000000160e0000)]
  0x00000000025b1000 JavaThread "Finalizer" daemon [_thread_blocked, id=14024, stack(0x0000000015ee0000,0x0000000015fe0000)]
  0x00000000025ae000 JavaThread "Reference Handler" daemon [_thread_blocked, id=13756, stack(0x0000000015de0000,0x0000000015ee0000)]
  0x00000000022bd800 JavaThread "main" [_thread_in_Java, id=13252, stack(0x00000000022c0000,0x00000000023c0000)]

Other Threads:
  0x0000000014c57800 VMThread [stack: 0x0000000015ce0000,0x0000000015de0000] [id=14080]
  0x00000000164fb800 WatcherThread [stack: 0x00000000169e0000,0x0000000016ae0000] [id=13904]

VM state:not at safepoint (normal execution)

VM Mutex/Monitor currently owned by a thread: None

Heap:
 PSYoungGen      total 38400K, used 26358K [0x00000000eab00000, 0x00000000ed580000, 0x0000000100000000)
  eden space 33280K, 68% used [0x00000000eab00000,0x00000000ec1247a0,0x00000000ecb80000)
  from space 5120K, 71% used [0x00000000ecb80000,0x00000000ecf19198,0x00000000ed080000)
  to   space 5120K, 0% used [0x00000000ed080000,0x00000000ed080000,0x00000000ed580000)
 ParOldGen       total 87552K, used 8K [0x00000000c0000000, 0x00000000c5580000, 0x00000000eab00000)
  object space 87552K, 0% used [0x00000000c0000000,0x00000000c0002000,0x00000000c5580000)
 Metaspace       used 6089K, capacity 6960K, committed 7040K, reserved 1056768K
  class space    used 601K, capacity 616K, committed 640K, reserved 1048576K

Card table byte_map: [0x0000000011980000,0x0000000011b90000] byte_map_base: 0x0000000011380000

Marking Bits: (ParMarkBitMap*) 0x0000000062e3a5b0
 Begin Bits: [0x00000000120f0000, 0x00000000130f0000)
 End Bits:   [0x00000000130f0000, 0x00000000140f0000)

Polling page: 0x00000000020e0000

CodeCache: size=245760Kb used=5381Kb max_used=5381Kb free=240378Kb
 bounds [0x00000000025c0000, 0x0000000002b10000, 0x00000000115c0000]
 total_blobs=1608 nmethods=1339 adapters=182
 compilation: enabled

Compilation events (10 events):
Event: 3.922 Thread 0x0000000014cea000 1342       3       com.android.dx.cf.code.LocalVariableList::set (23 bytes)
Event: 3.922 Thread 0x0000000014cea000 nmethod 1342 0x0000000002b02990 code [0x0000000002b02b80, 0x0000000002b03478]
Event: 3.922 Thread 0x0000000014cea000 1343       3       com.android.dx.cf.code.LocalVariableList$Item::getLocalItem (12 bytes)
Event: 3.923 Thread 0x0000000014cea000 nmethod 1343 0x0000000002b03b90 code [0x0000000002b03d00, 0x0000000002b04070]
Event: 3.923 Thread 0x0000000014cea000 1344       3       com.android.dx.rop.code.LocalItem::make (20 bytes)
Event: 3.923 Thread 0x0000000014cea000 nmethod 1344 0x0000000002b041d0 code [0x0000000002b04340, 0x0000000002b04630]
Event: 3.923 Thread 0x0000000014cea000 1345       3       com.android.dx.rop.code.LocalItem::<init> (15 bytes)
Event: 3.923 Thread 0x0000000014cea000 nmethod 1345 0x0000000002b04750 code [0x0000000002b048a0, 0x0000000002b04a70]
Event: 3.923 Thread 0x0000000014cea000 1346       3       com.android.dx.cf.attrib.BaseLocalVariables::byteLength (14 bytes)
Event: 3.924 Thread 0x0000000014cea000 nmethod 1346 0x0000000002b04b10 code [0x0000000002b04c80, 0x0000000002b04ed0]

GC Heap History (2 events):
Event: 2.169 GC heap before
{Heap before GC invocations=1 (full 0):
 PSYoungGen      total 38400K, used 33280K [0x00000000eab00000, 0x00000000ed580000, 0x0000000100000000)
  eden space 33280K, 100% used [0x00000000eab00000,0x00000000ecb80000,0x00000000ecb80000)
  from space 5120K, 0% used [0x00000000ed080000,0x00000000ed080000,0x00000000ed580000)
  to   space 5120K, 0% used [0x00000000ecb80000,0x00000000ecb80000,0x00000000ed080000)
 ParOldGen       total 87552K, used 0K [0x00000000c0000000, 0x00000000c5580000, 0x00000000eab00000)
  object space 87552K, 0% used [0x00000000c0000000,0x00000000c0000000,0x00000000c5580000)
 Metaspace       used 5599K, capacity 6512K, committed 6784K, reserved 1056768K
  class space    used 593K, capacity 616K, committed 640K, reserved 1048576K
Event: 2.214 GC heap after
Heap after GC invocations=1 (full 0):
 PSYoungGen      total 38400K, used 3684K [0x00000000eab00000, 0x00000000ed580000, 0x0000000100000000)
  eden space 33280K, 0% used [0x00000000eab00000,0x00000000eab00000,0x00000000ecb80000)
  from space 5120K, 71% used [0x00000000ecb80000,0x00000000ecf19198,0x00000000ed080000)
  to   space 5120K, 0% used [0x00000000ed080000,0x00000000ed080000,0x00000000ed580000)
 ParOldGen       total 87552K, used 8K [0x00000000c0000000, 0x00000000c5580000, 0x00000000eab00000)
  object space 87552K, 0% used [0x00000000c0000000,0x00000000c0002000,0x00000000c5580000)
 Metaspace       used 5599K, capacity 6512K, committed 6784K, reserved 1056768K
  class space    used 593K, capacity 616K, committed 640K, reserved 1048576K
}

Deoptimization events (10 events):
Event: 0.483 Thread 0x00000000022bd800 Uncommon trap: reason=unstable_if action=reinterpret pc=0x000000000271c79c method=java.util.regex.Pattern$BnM.match(Ljava/util/regex/Matcher;ILjava/lang/CharSequence;)Z @ 56
Event: 0.486 Thread 0x00000000022bd800 Uncommon trap: reason=unstable_if action=reinterpret pc=0x00000000027258e4 method=java.util.regex.Pattern$BnM.match(Ljava/util/regex/Matcher;ILjava/lang/CharSequence;)Z @ 56
Event: 0.488 Thread 0x00000000022bd800 Uncommon trap: reason=unstable_if action=reinterpret pc=0x0000000002726898 method=java.util.regex.Pattern$BnM.match(Ljava/util/regex/Matcher;ILjava/lang/CharSequence;)Z @ 56
Event: 2.215 Thread 0x0000000016d41800 Uncommon trap: reason=unstable_if action=reinterpret pc=0x00000000027f815c method=java.util.HashMap.getNode(ILjava/lang/Object;)Ljava/util/HashMap$Node; @ 129
Event: 2.268 Thread 0x0000000016d45000 Uncommon trap: reason=unstable_if action=reinterpret pc=0x00000000027fb1b0 method=java.util.BitSet.nextSetBit(I)I @ 87
Event: 2.536 Thread 0x00000000022bd800 Uncommon trap: reason=null_check action=make_not_entrant pc=0x00000000028db260 method=com.android.dx.rop.type.Type.equals(Ljava/lang/Object;)Z @ 8
Event: 2.878 Thread 0x00000000022bd800 Uncommon trap: reason=class_check action=maybe_recompile pc=0x000000000283bcb0 method=com.android.dx.ssa.NormalSsaInsn.accept(Lcom/android/dx/ssa/SsaInsn$Visitor;)V @ 9
Event: 3.444 Thread 0x0000000016d41800 Uncommon trap: reason=class_check action=maybe_recompile pc=0x000000000283bcb0 method=com.android.dx.ssa.NormalSsaInsn.accept(Lcom/android/dx/ssa/SsaInsn$Visitor;)V @ 9
Event: 3.444 Thread 0x0000000016d41800 Uncommon trap: reason=class_check action=maybe_recompile pc=0x000000000283c370 method=com.android.dx.ssa.NormalSsaInsn.accept(Lcom/android/dx/ssa/SsaInsn$Visitor;)V @ 9
Event: 3.444 Thread 0x0000000016d41800 Uncommon trap: reason=class_check action=maybe_recompile pc=0x000000000283c370 method=com.android.dx.ssa.NormalSsaInsn.accept(Lcom/android/dx/ssa/SsaInsn$Visitor;)V @ 9

Internal exceptions (3 events):
Event: 0.150 Thread 0x00000000022bd800 Exception <a 'java/lang/NoSuchMethodError': Method sun.misc.Unsafe.defineClass(Ljava/lang/String;[BII)Ljava/lang/Class; name or signature does not match> (0x00000000eab0d930) thrown at [C:\workspace\8-2-build-windows-amd64-cygwin\jdk8u65\4987\hotspot\src\sëj≤1∏<√?
Event: 0.150 Thread 0x00000000022bd800 Exception <a 'java/lang/NoSuchMethodError': Method sun.misc.Unsafe.prefetchRead(Ljava/lang/Object;J)V name or signature does not match> (0x00000000eab0dc18) thrown at [C:\workspace\8-2-build-windows-amd64-cygwin\jdk8u65\4987\hotspot\src\share\vm\prims\jni.9Áùa!I@
Event: 2.536 Thread 0x00000000022bd800 Implicit null exception at 0x00000000028db162 to 0x00000000028db252

Events (10 events):
Event: 3.851 loading class com/android/dx/cf/attrib/BaseParameterAnnotations
Event: 3.851 loading class com/android/dx/cf/attrib/BaseParameterAnnotations done
Event: 3.908 Thread 0x0000000016d45000 DEOPT PACKING pc=0x0000000002903fc1 sp=0x00000000187ae810
Event: 3.908 Thread 0x0000000016d45000 DEOPT UNPACKING pc=0x000000000260787f sp=0x00000000187ae5d8 mode 0
Event: 3.912 loading class com/android/dx/dex/file/ParameterAnnotationStruct
Event: 3.912 loading class com/android/dx/dex/file/ParameterAnnotationStruct done
Event: 3.913 loading class com/android/dx/dex/file/UniformListItem
Event: 3.913 loading class com/android/dx/dex/file/UniformListItem done
Event: 3.914 loading class com/android/dx/dex/file/AnnotationSetRefItem
Event: 3.914 loading class com/android/dx/dex/file/AnnotationSetRefItem done


Dynamic libraries:
0x00007ff761180000 - 0x00007ff7611b7000 	C:\Program Files\Java\jdk1.8.0_65\bin\java.exe
0x00007ffe24fc0000 - 0x00007ffe25191000 	C:\WINDOWS\SYSTEM32\ntdll.dll
0x00007ffe229f0000 - 0x00007ffe22a9b000 	C:\WINDOWS\System32\KERNEL32.DLL
0x00007ffe21ff0000 - 0x00007ffe2220d000 	C:\WINDOWS\System32\KERNELBASE.dll
0x00007ffe24800000 - 0x00007ffe248a2000 	C:\WINDOWS\System32\ADVAPI32.dll
0x00007ffe22880000 - 0x00007ffe2291e000 	C:\WINDOWS\System32\msvcrt.dll
0x00007ffe23fb0000 - 0x00007ffe24009000 	C:\WINDOWS\System32\sechost.dll
0x00007ffe24a20000 - 0x00007ffe24b41000 	C:\WINDOWS\System32\RPCRT4.dll
0x00007ffe248b0000 - 0x00007ffe24a15000 	C:\WINDOWS\System32\USER32.dll
0x00007ffe21ed0000 - 0x00007ffe21eee000 	C:\WINDOWS\System32\win32u.dll
0x00007ffe24f80000 - 0x00007ffe24fb4000 	C:\WINDOWS\System32\GDI32.dll
0x00007ffe222b0000 - 0x00007ffe22432000 	C:\WINDOWS\System32\gdi32full.dll
0x00007ffe14610000 - 0x00007ffe1488a000 	C:\WINDOWS\WinSxS\amd64_microsoft.windows.common-controls_6595b64144ccf1df_6.0.14393.351_none_4213128bc687e6d3\COMCTL32.dll
0x00007ffe225b0000 - 0x00007ffe22877000 	C:\WINDOWS\System32\combase.dll
0x00007ffe21ef0000 - 0x00007ffe21fe5000 	C:\WINDOWS\System32\ucrtbase.dll
0x00007ffe21c40000 - 0x00007ffe21caa000 	C:\WINDOWS\System32\bcryptPrimitives.dll
0x00007ffe24170000 - 0x00007ffe2419e000 	C:\WINDOWS\System32\IMM32.DLL
0x0000000063510000 - 0x00000000635e2000 	C:\Program Files\Java\jdk1.8.0_65\jre\bin\msvcr100.dll
0x0000000062630000 - 0x0000000062eb9000 	C:\Program Files\Java\jdk1.8.0_65\jre\bin\server\jvm.dll
0x00007ffe24590000 - 0x00007ffe24598000 	C:\WINDOWS\System32\PSAPI.DLL
0x00007ffe13150000 - 0x00007ffe13159000 	C:\WINDOWS\SYSTEM32\WSOCK32.dll
0x00007ffe242f0000 - 0x00007ffe2435a000 	C:\WINDOWS\System32\WS2_32.dll
0x00007ffe1f750000 - 0x00007ffe1f773000 	C:\WINDOWS\SYSTEM32\WINMM.dll
0x00007ffe14c90000 - 0x00007ffe14c9a000 	C:\WINDOWS\SYSTEM32\VERSION.dll
0x00007ffe1f610000 - 0x00007ffe1f63b000 	C:\WINDOWS\SYSTEM32\WINMMBASE.dll
0x00007ffe21e80000 - 0x00007ffe21ec2000 	C:\WINDOWS\System32\cfgmgr32.dll
0x0000000063ef0000 - 0x0000000063eff000 	C:\Program Files\Java\jdk1.8.0_65\jre\bin\verify.dll
0x0000000063ec0000 - 0x0000000063ee9000 	C:\Program Files\Java\jdk1.8.0_65\jre\bin\java.dll
0x0000000063ea0000 - 0x0000000063eb6000 	C:\Program Files\Java\jdk1.8.0_65\jre\bin\zip.dll
0x00007ffe22aa0000 - 0x00007ffe23fa9000 	C:\WINDOWS\System32\SHELL32.dll
0x00007ffe214b0000 - 0x00007ffe21b8a000 	C:\WINDOWS\System32\windows.storage.dll
0x00007ffe21460000 - 0x00007ffe214ac000 	C:\WINDOWS\System32\powrprof.dll
0x00007ffe24010000 - 0x00007ffe24062000 	C:\WINDOWS\System32\shlwapi.dll
0x00007ffe21450000 - 0x00007ffe2145f000 	C:\WINDOWS\System32\kernel.appcore.dll
0x00007ffe21b90000 - 0x00007ffe21c39000 	C:\WINDOWS\System32\shcore.dll
0x00007ffe21420000 - 0x00007ffe21434000 	C:\WINDOWS\System32\profapi.dll

VM Arguments:
jvm_args: -Djava.awt.headless=true -Xmx1024M -Dfile.encoding=windows-1252 -Duser.country=US -Duser.language=en -Duser.variant 
java_command: com.android.dx.command.Main --dex --num-threads=4 --output C:\Transfer\Dropbox\androidstuff\miniSink2\app\build\intermediates\pre-dexed\debug\com.google.android.gms-play-services-ads-8.4.0_c21f16f071bd942b7a36c08b450139f4068fde96.jar C:\Transfer\Dropbox\androidstuff\miniSink2\app\build\intermediates\exploded-aar\com.google.android.gms\play-services-ads\8.4.0\jars\classes.jar
java_class_path (initial): C:\Users\sse\AppData\Local\Android\sdk\build-tools\23.0.2\lib\dx.jar
Launcher Type: SUN_STANDARD

Environment Variables:
JAVA_HOME=C:\Program Files\Java\jdk1.8.0_65
PATH=C:\app\sse\product\11.2.0\dbhome_1\bin;C:\Program Files (x86)\Embarcadero\Studio\16.0\bin;C:\Users\Public\Documents\Embarcadero\Studio\16.0\Bpl;C:\Program Files (x86)\Embarcadero\Studio\16.0\bin64;C:\Users\Public\Documents\Embarcadero\Studio\16.0\Bpl\Win64;C:\Program Files (x86)\RSA SecurID Token Common;C:\ProgramData\Oracle\Java\javapath;C:\WINDOWS\system32;C:\WINDOWS;C:\WINDOWS\System32\Wbem;C:\WINDOWS\System32\WindowsPowerShell\v1.0\;C:\Program Files (x86)\WinMerge;C:\Users\sse\.dnx\bin;C:\Program Files\Microsoft DNX\Dnvm\;C:\Program Files\Microsoft SQL Server\120\Tools\Binn\;C:\Program Files (x86)\Windows Kits\10\Windows Performance Toolkit\;C:\Program Files (x86)\nodejs\;C:\Program Files (x86)\Microsoft SQL Server\120\DTS\Binn\;C:\Program Files (x86)\Microsoft SQL Server\Client SDK\ODBC\110\Tools\Binn\;C:\Program Files (x86)\Microsoft SQL Server\120\Tools\Binn\;C:\Program Files (x86)\Microsoft SQL Server\120\Tools\Binn\ManagementStudio\;C:\Users\sse\AppData\Roaming\npm;%USERPROFILE%\AppData\Local\Microsoft\WindowsApps;
USERNAME=sse
OS=Windows_NT
PROCESSOR_IDENTIFIER=Intel64 Family 6 Model 58 Stepping 9, GenuineIntel



---------------  S Y S T E M  ---------------

OS: Windows 10.0 , 64 bit Build 14393 (10.0.14393.0)

CPU:total 4 (2 cores per cpu, 2 threads per core) family 6 model 58 stepping 9, cmov, cx8, fxsr, mmx, sse, sse2, sse3, ssse3, sse4.1, sse4.2, popcnt, avx, aes, clmul, erms, ht, tsc, tscinvbit, tscinv

Memory: 4k page, physical 8264984k(984384k free), swap 14424820k(6456k free)

vm_info: Java HotSpot(TM) 64-Bit Server VM (25.65-b01) for windows-amd64 JRE (1.8.0_65-b17), built on Oct  6 2015 16:39:20 by "java_re" with MS VC++ 10.0 (VS2010)

time: Tue Nov 08 15:39:40 2016
elapsed time: 3 seconds (0d 0h 0m 3s)

