#
# There is insufficient memory for the Java Runtime Environment to continue.
# Native memory allocation (malloc) failed to allocate 1090384 bytes for Chunk::new
# Possible reasons:
#   The system is out of physical RAM or swap space
#   In 32 bit mode, the process size limit was hit
# Possible solutions:
#   Reduce memory load on the system
#   Increase physical memory or swap space
#   Check if swap backing store is full
#   Use 64 bit Java on a 64 bit OS
#   Decrease Java heap size (-Xmx/-Xms)
#   Decrease number of Java threads
#   Decrease Java thread stack sizes (-Xss)
#   Set larger code cache with -XX:ReservedCodeCacheSize=
# This output file may be truncated or incomplete.
#
#  Out of Memory Error (allocation.cpp:390), pid=13860, tid=13796
#
# JRE version: Java(TM) SE Runtime Environment (8.0_65-b17) (build 1.8.0_65-b17)
# Java VM: Java HotSpot(TM) 64-Bit Server VM (25.65-b01 mixed mode windows-amd64 compressed oops)
# Failed to write core dump. Minidumps are not enabled by default on client versions of Windows
#

---------------  T H R E A D  ---------------

Current thread (0x000000001539b800):  JavaThread "C2 CompilerThread0" daemon [_thread_in_native, id=13796, stack(0x00000000169f0000,0x0000000016af0000)]

Stack: [0x00000000169f0000,0x0000000016af0000]
[error occurred during error reporting (printing stack bounds), id 0xc0000005]

Native frames: (J=compiled Java code, j=interpreted, Vv=VM code, C=native code)


Current CompileTask:
C2:   4316 1161   !   4       com.android.dx.cf.code.BytecodeArray::parseInstruction (2764 bytes)


---------------  P R O C E S S  ---------------

Java Threads: ( => current thread )
  0x0000000016f04800 JavaThread "pool-1-thread-4" [_thread_in_vm, id=8504, stack(0x00000000176f0000,0x00000000177f0000)]
  0x0000000016f03800 JavaThread "pool-1-thread-3" [_thread_in_vm, id=13800, stack(0x00000000175f0000,0x00000000176f0000)]
  0x0000000016ef7000 JavaThread "pool-1-thread-2" [_thread_in_Java, id=13632, stack(0x00000000174f0000,0x00000000175f0000)]
  0x0000000016ef6000 JavaThread "pool-2-thread-1" [_thread_blocked, id=13936, stack(0x00000000173f0000,0x00000000174f0000)]
  0x0000000016ee9800 JavaThread "pool-1-thread-1" [_thread_in_Java, id=9980, stack(0x00000000172f0000,0x00000000173f0000)]
  0x0000000016cf3800 JavaThread "Service Thread" daemon [_thread_blocked, id=14036, stack(0x00000000170f0000,0x00000000171f0000)]
  0x00000000153fd800 JavaThread "C1 CompilerThread2" daemon [_thread_blocked, id=13964, stack(0x0000000016bf0000,0x0000000016cf0000)]
  0x00000000153a2000 JavaThread "C2 CompilerThread1" daemon [_thread_blocked, id=13932, stack(0x0000000016af0000,0x0000000016bf0000)]
=>0x000000001539b800 JavaThread "C2 CompilerThread0" daemon [_thread_in_native, id=13796, stack(0x00000000169f0000,0x0000000016af0000)]
  0x0000000015398800 JavaThread "Attach Listener" daemon [_thread_blocked, id=10764, stack(0x00000000168f0000,0x00000000169f0000)]
  0x0000000015397000 JavaThread "Signal Dispatcher" daemon [_thread_blocked, id=13880, stack(0x00000000167f0000,0x00000000168f0000)]
  0x0000000002cc1000 JavaThread "Finalizer" daemon [_thread_blocked, id=13908, stack(0x0000000016600000,0x0000000016700000)]
  0x0000000002cbe000 JavaThread "Reference Handler" daemon [_thread_blocked, id=14084, stack(0x0000000016500000,0x0000000016600000)]
  0x0000000002acd800 JavaThread "main" [_thread_in_Java, id=2352, stack(0x0000000002900000,0x0000000002a00000)]

Other Threads:
  0x0000000015368000 VMThread [stack: 0x0000000016400000,0x0000000016500000] [id=9440]
  0x0000000016cfb800 WatcherThread [stack: 0x00000000171f0000,0x00000000172f0000] [id=13712]

VM state:not at safepoint (normal execution)

VM Mutex/Monitor currently owned by a thread: None

Heap:
 PSYoungGen      total 38400K, used 25982K [0x00000000eab00000, 0x00000000ed580000, 0x0000000100000000)
  eden space 33280K, 78% used [0x00000000eab00000,0x00000000ec45f818,0x00000000ecb80000)
  from space 5120K, 0% used [0x00000000ed080000,0x00000000ed080000,0x00000000ed580000)
  to   space 5120K, 0% used [0x00000000ecb80000,0x00000000ecb80000,0x00000000ed080000)
 ParOldGen       total 87552K, used 0K [0x00000000c0000000, 0x00000000c5580000, 0x00000000eab00000)
  object space 87552K, 0% used [0x00000000c0000000,0x00000000c0000000,0x00000000c5580000)
 Metaspace       used 5954K, capacity 6832K, committed 7040K, reserved 1056768K
  class space    used 597K, capacity 616K, committed 640K, reserved 1048576K

Card table byte_map: [0x0000000012090000,0x00000000122a0000] byte_map_base: 0x0000000011a90000

Marking Bits: (ParMarkBitMap*) 0x0000000062e3a5b0
 Begin Bits: [0x0000000012800000, 0x0000000013800000)
 End Bits:   [0x0000000013800000, 0x0000000014800000)

Polling page: 0x00000000010b0000

CodeCache: size=245760Kb used=4608Kb max_used=4608Kb free=241151Kb
 bounds [0x0000000002cd0000, 0x0000000003160000, 0x0000000011cd0000]
 total_blobs=1442 nmethods=1173 adapters=182
 compilation: enabled

Compilation events (10 events):
Event: 4.293 Thread 0x00000000153fd800 1171       3       com.android.dx.rop.cst.StdConstantPool::get0Ok (12 bytes)
Event: 4.295 Thread 0x00000000153fd800 nmethod 1171 0x000000000314f650 code [0x000000000314f900, 0x0000000003150a98]
Event: 4.295 Thread 0x00000000153fd800 1172       3       com.android.dx.cf.code.BasicBlocker::getBlockList (208 bytes)
Event: 4.297 Thread 0x00000000153fd800 nmethod 1172 0x0000000003151850 code [0x0000000003151ac0, 0x0000000003152ce8]
Event: 4.301 Thread 0x00000000153fd800 1173       3       com.android.dx.cf.code.ExecutionStack::peekType (11 bytes)
Event: 4.301 Thread 0x00000000153fd800 nmethod 1173 0x000000000314f150 code [0x000000000314f2c0, 0x000000000314f578]
Event: 4.302 Thread 0x00000000153fd800 1174       3       com.android.dx.rop.type.Prototype::getParameterFrameTypes (96 bytes)
Event: 4.303 Thread 0x00000000153fd800 nmethod 1174 0x0000000003153790 code [0x00000000031539e0, 0x00000000031549f8]
Event: 4.304 Thread 0x00000000153fd800 1175       1       com.android.dx.rop.cst.CstString::getType (4 bytes)
Event: 4.304 Thread 0x00000000153fd800 nmethod 1175 0x000000000310f490 code [0x000000000310f5e0, 0x000000000310f6f0]

GC Heap History (0 events):
No events

Deoptimization events (1 events):
Event: 3.182 Thread 0x0000000002acd800 Uncommon trap: reason=unstable_if action=reinterpret pc=0x0000000002f1e0b0 method=java.util.BitSet.nextSetBit(I)I @ 87

Internal exceptions (2 events):
Event: 0.093 Thread 0x0000000002acd800 Exception <a 'java/lang/NoSuchMethodError': Method sun.misc.Unsafe.defineClass(Ljava/lang/String;[BII)Ljava/lang/Class; name or signature does not match> (0x00000000eab0d950) thrown at [C:\workspace\8-2-build-windows-amd64-cygwin\jdk8u65\4987\hotspot\src\saˆÔKÉ·?
Event: 0.093 Thread 0x0000000002acd800 Exception <a 'java/lang/NoSuchMethodError': Method sun.misc.Unsafe.prefetchRead(Ljava/lang/Object;J)V name or signature does not match> (0x00000000eab0dc38) thrown at [C:\workspace\8-2-build-windows-amd64-cygwin\jdk8u65\4987\hotspot\src\share\vm\prims\jni.

Events (10 events):
Event: 3.844 loading class java/util/HashMap$Values
Event: 3.844 loading class java/util/HashMap$Values done
Event: 3.845 loading class java/util/HashMap$ValueIterator
Event: 3.845 loading class java/util/HashMap$ValueIterator done
Event: 3.853 loading class com/android/dx/cf/attrib/AttConstantValue
Event: 3.853 loading class com/android/dx/cf/attrib/AttConstantValue done
Event: 3.875 loading class com/android/dx/cf/code/BytecodeArray$ConstantParserVisitor
Event: 3.875 loading class com/android/dx/cf/code/BytecodeArray$ConstantParserVisitor done
Event: 4.266 loading class com/android/dx/cf/attrib/AttExceptions
Event: 4.266 loading class com/android/dx/cf/attrib/AttExceptions done


Dynamic libraries:
0x00007ff761180000 - 0x00007ff7611b7000 	C:\Program Files\Java\jdk1.8.0_65\bin\java.exe
0x00007ffe24fc0000 - 0x00007ffe25191000 	C:\WINDOWS\SYSTEM32\ntdll.dll
0x00007ffe229f0000 - 0x00007ffe22a9b000 	C:\WINDOWS\System32\KERNEL32.DLL
0x00007ffe21ff0000 - 0x00007ffe2220d000 	C:\WINDOWS\System32\KERNELBASE.dll
0x00007ffe24800000 - 0x00007ffe248a2000 	C:\WINDOWS\System32\ADVAPI32.dll
0x00007ffe22880000 - 0x00007ffe2291e000 	C:\WINDOWS\System32\msvcrt.dll
0x00007ffe23fb0000 - 0x00007ffe24009000 	C:\WINDOWS\System32\sechost.dll
0x00007ffe24a20000 - 0x00007ffe24b41000 	C:\WINDOWS\System32\RPCRT4.dll
0x00007ffe248b0000 - 0x00007ffe24a15000 	C:\WINDOWS\System32\USER32.dll
0x00007ffe21ed0000 - 0x00007ffe21eee000 	C:\WINDOWS\System32\win32u.dll
0x00007ffe24f80000 - 0x00007ffe24fb4000 	C:\WINDOWS\System32\GDI32.dll
0x00007ffe222b0000 - 0x00007ffe22432000 	C:\WINDOWS\System32\gdi32full.dll
0x00007ffe14610000 - 0x00007ffe1488a000 	C:\WINDOWS\WinSxS\amd64_microsoft.windows.common-controls_6595b64144ccf1df_6.0.14393.351_none_4213128bc687e6d3\COMCTL32.dll
0x00007ffe225b0000 - 0x00007ffe22877000 	C:\WINDOWS\System32\combase.dll
0x00007ffe21ef0000 - 0x00007ffe21fe5000 	C:\WINDOWS\System32\ucrtbase.dll
0x00007ffe21c40000 - 0x00007ffe21caa000 	C:\WINDOWS\System32\bcryptPrimitives.dll
0x00007ffe24170000 - 0x00007ffe2419e000 	C:\WINDOWS\System32\IMM32.DLL
0x0000000063510000 - 0x00000000635e2000 	C:\Program Files\Java\jdk1.8.0_65\jre\bin\msvcr100.dll
0x0000000062630000 - 0x0000000062eb9000 	C:\Program Files\Java\jdk1.8.0_65\jre\bin\server\jvm.dll
0x00007ffe24590000 - 0x00007ffe24598000 	C:\WINDOWS\System32\PSAPI.DLL
0x00007ffe13150000 - 0x00007ffe13159000 	C:\WINDOWS\SYSTEM32\WSOCK32.dll
0x00007ffe242f0000 - 0x00007ffe2435a000 	C:\WINDOWS\System32\WS2_32.dll
0x00007ffe1f750000 - 0x00007ffe1f773000 	C:\WINDOWS\SYSTEM32\WINMM.dll
0x00007ffe14c90000 - 0x00007ffe14c9a000 	C:\WINDOWS\SYSTEM32\VERSION.dll
0x00007ffe1f610000 - 0x00007ffe1f63b000 	C:\WINDOWS\SYSTEM32\WINMMBASE.dll
0x00007ffe21e80000 - 0x00007ffe21ec2000 	C:\WINDOWS\System32\cfgmgr32.dll
0x0000000063ef0000 - 0x0000000063eff000 	C:\Program Files\Java\jdk1.8.0_65\jre\bin\verify.dll
0x0000000063ec0000 - 0x0000000063ee9000 	C:\Program Files\Java\jdk1.8.0_65\jre\bin\java.dll
0x0000000063ea0000 - 0x0000000063eb6000 	C:\Program Files\Java\jdk1.8.0_65\jre\bin\zip.dll
0x00007ffe22aa0000 - 0x00007ffe23fa9000 	C:\WINDOWS\System32\SHELL32.dll
0x00007ffe214b0000 - 0x00007ffe21b8a000 	C:\WINDOWS\System32\windows.storage.dll
0x00007ffe21460000 - 0x00007ffe214ac000 	C:\WINDOWS\System32\powrprof.dll
0x00007ffe24010000 - 0x00007ffe24062000 	C:\WINDOWS\System32\shlwapi.dll
0x00007ffe21450000 - 0x00007ffe2145f000 	C:\WINDOWS\System32\kernel.appcore.dll
0x00007ffe21b90000 - 0x00007ffe21c39000 	C:\WINDOWS\System32\shcore.dll
0x00007ffe21420000 - 0x00007ffe21434000 	C:\WINDOWS\System32\profapi.dll

VM Arguments:
jvm_args: -Djava.awt.headless=true -Xmx1024M -Dfile.encoding=windows-1252 -Duser.country=US -Duser.language=en -Duser.variant 
java_command: com.android.dx.command.Main --dex --num-threads=4 --output C:\Transfer\Dropbox\androidstuff\miniSink2\app\build\intermediates\pre-dexed\debug\com.google.android.gms-play-services-appindexing-8.4.0_e89e2d0592a284066b313a081076ca710f5725d0.jar C:\Transfer\Dropbox\androidstuff\miniSink2\app\build\intermediates\exploded-aar\com.google.android.gms\play-services-appindexing\8.4.0\jars\classes.jar
java_class_path (initial): C:\Users\sse\AppData\Local\Android\sdk\build-tools\23.0.2\lib\dx.jar
Launcher Type: SUN_STANDARD

Environment Variables:
JAVA_HOME=C:\Program Files\Java\jdk1.8.0_65
PATH=C:\app\sse\product\11.2.0\dbhome_1\bin;C:\Program Files (x86)\Embarcadero\Studio\16.0\bin;C:\Users\Public\Documents\Embarcadero\Studio\16.0\Bpl;C:\Program Files (x86)\Embarcadero\Studio\16.0\bin64;C:\Users\Public\Documents\Embarcadero\Studio\16.0\Bpl\Win64;C:\Program Files (x86)\RSA SecurID Token Common;C:\ProgramData\Oracle\Java\javapath;C:\WINDOWS\system32;C:\WINDOWS;C:\WINDOWS\System32\Wbem;C:\WINDOWS\System32\WindowsPowerShell\v1.0\;C:\Program Files (x86)\WinMerge;C:\Users\sse\.dnx\bin;C:\Program Files\Microsoft DNX\Dnvm\;C:\Program Files\Microsoft SQL Server\120\Tools\Binn\;C:\Program Files (x86)\Windows Kits\10\Windows Performance Toolkit\;C:\Program Files (x86)\nodejs\;C:\Program Files (x86)\Microsoft SQL Server\120\DTS\Binn\;C:\Program Files (x86)\Microsoft SQL Server\Client SDK\ODBC\110\Tools\Binn\;C:\Program Files (x86)\Microsoft SQL Server\120\Tools\Binn\;C:\Program Files (x86)\Microsoft SQL Server\120\Tools\Binn\ManagementStudio\;C:\Users\sse\AppData\Roaming\npm;%USERPROFILE%\AppData\Local\Microsoft\WindowsApps;
USERNAME=sse
OS=Windows_NT
PROCESSOR_IDENTIFIER=Intel64 Family 6 Model 58 Stepping 9, GenuineIntel



---------------  S Y S T E M  ---------------

OS: Windows 10.0 , 64 bit Build 14393 (10.0.14393.0)

CPU:total 4 (2 cores per cpu, 2 threads per core) family 6 model 58 stepping 9, cmov, cx8, fxsr, mmx, sse, sse2, sse3, ssse3, sse4.1, sse4.2, popcnt, avx, aes, clmul, erms, ht, tsc, tscinvbit, tscinv

Memory: 4k page, physical 8264984k(976840k free), swap 14424820k(6024k free)

vm_info: Java HotSpot(TM) 64-Bit Server VM (25.65-b01) for windows-amd64 JRE (1.8.0_65-b17), built on Oct  6 2015 16:39:20 by "java_re" with MS VC++ 10.0 (VS2010)

time: Tue Nov 08 15:39:40 2016
elapsed time: 4 seconds (0d 0h 0m 4s)

