#
# There is insufficient memory for the Java Runtime Environment to continue.
# Native memory allocation (malloc) failed to allocate 1178336 bytes for Chunk::new
# Possible reasons:
#   The system is out of physical RAM or swap space
#   In 32 bit mode, the process size limit was hit
# Possible solutions:
#   Reduce memory load on the system
#   Increase physical memory or swap space
#   Check if swap backing store is full
#   Use 64 bit Java on a 64 bit OS
#   Decrease Java heap size (-Xmx/-Xms)
#   Decrease number of Java threads
#   Decrease Java thread stack sizes (-Xss)
#   Set larger code cache with -XX:ReservedCodeCacheSize=
# This output file may be truncated or incomplete.
#
#  Out of Memory Error (allocation.cpp:390), pid=13124, tid=13252
#
# JRE version: Java(TM) SE Runtime Environment (8.0_65-b17) (build 1.8.0_65-b17)
# Java VM: Java HotSpot(TM) 64-Bit Server VM (25.65-b01 mixed mode windows-amd64 compressed oops)
# Failed to write core dump. Minidumps are not enabled by default on client versions of Windows
#

---------------  T H R E A D  ---------------

Current thread (0x00000000154bc000):  JavaThread "C2 CompilerThread0" daemon [_thread_in_native, id=13252, stack(0x0000000016b20000,0x0000000016c20000)]

Stack: [0x0000000016b20000,0x0000000016c20000]
[error occurred during error reporting (printing stack bounds), id 0xc0000005]

Native frames: (J=compiled Java code, j=interpreted, Vv=VM code, C=native code)


Current CompileTask:
C2:   7648 1430       4       com.android.dx.ssa.SsaRenamer$BlockRenamer::process (191 bytes)


---------------  P R O C E S S  ---------------

Java Threads: ( => current thread )
  0x00000000171c2800 JavaThread "pool-1-thread-4" [_thread_blocked, id=13776, stack(0x0000000018020000,0x0000000018120000)]
  0x00000000171c2000 JavaThread "pool-1-thread-3" [_thread_blocked, id=14320, stack(0x0000000017f20000,0x0000000018020000)]
  0x00000000171c1000 JavaThread "pool-1-thread-2" [_thread_in_Java, id=5636, stack(0x0000000017e20000,0x0000000017f20000)]
  0x0000000017173000 JavaThread "pool-2-thread-1" [_thread_blocked, id=11904, stack(0x0000000017d20000,0x0000000017e20000)]
  0x0000000017111000 JavaThread "pool-1-thread-1" [_thread_in_vm, id=12852, stack(0x0000000017c20000,0x0000000017d20000)]
  0x000000001551e000 JavaThread "Service Thread" daemon [_thread_blocked, id=4328, stack(0x0000000017220000,0x0000000017320000)]
  0x0000000015519000 JavaThread "C1 CompilerThread2" daemon [_thread_blocked, id=5148, stack(0x0000000016d20000,0x0000000016e20000)]
  0x00000000154c0800 JavaThread "C2 CompilerThread1" daemon [_thread_in_native, id=11144, stack(0x0000000016c20000,0x0000000016d20000)]
=>0x00000000154bc000 JavaThread "C2 CompilerThread0" daemon [_thread_in_native, id=13252, stack(0x0000000016b20000,0x0000000016c20000)]
  0x00000000154b9000 JavaThread "Attach Listener" daemon [_thread_blocked, id=10280, stack(0x0000000016a20000,0x0000000016b20000)]
  0x00000000154b8000 JavaThread "Signal Dispatcher" daemon [_thread_blocked, id=7616, stack(0x0000000016920000,0x0000000016a20000)]
  0x0000000002de1000 JavaThread "Finalizer" daemon [_thread_blocked, id=8908, stack(0x0000000016730000,0x0000000016830000)]
  0x0000000002dde000 JavaThread "Reference Handler" daemon [_thread_blocked, id=10708, stack(0x0000000016630000,0x0000000016730000)]
  0x000000000129d800 JavaThread "main" [_thread_blocked, id=13840, stack(0x0000000002a80000,0x0000000002b80000)]

Other Threads:
  0x0000000015488000 VMThread [stack: 0x0000000016530000,0x0000000016630000] [id=4740]
  0x0000000016e2a800 WatcherThread [stack: 0x0000000017320000,0x0000000017420000] [id=5976]

VM state:not at safepoint (normal execution)

VM Mutex/Monitor currently owned by a thread: None

Heap:
 PSYoungGen      total 38400K, used 19538K [0x00000000eab00000, 0x00000000ef600000, 0x0000000100000000)
  eden space 33280K, 43% used [0x00000000eab00000,0x00000000eb916538,0x00000000ecb80000)
  from space 5120K, 99% used [0x00000000ecb80000,0x00000000ed07e448,0x00000000ed080000)
  to   space 5120K, 0% used [0x00000000ef100000,0x00000000ef100000,0x00000000ef600000)
 ParOldGen       total 87552K, used 1073K [0x00000000c0000000, 0x00000000c5580000, 0x00000000eab00000)
  object space 87552K, 1% used [0x00000000c0000000,0x00000000c010c520,0x00000000c5580000)
 Metaspace       used 6145K, capacity 7024K, committed 7296K, reserved 1056768K
  class space    used 600K, capacity 616K, committed 640K, reserved 1048576K

Card table byte_map: [0x00000000121b0000,0x00000000123c0000] byte_map_base: 0x0000000011bb0000

Marking Bits: (ParMarkBitMap*) 0x0000000062e3a5b0
 Begin Bits: [0x0000000012920000, 0x0000000013920000)
 End Bits:   [0x0000000013920000, 0x0000000014920000)

Polling page: 0x0000000001000000

CodeCache: size=245760Kb used=5891Kb max_used=5910Kb free=239868Kb
 bounds [0x0000000002df0000, 0x00000000033c0000, 0x0000000011df0000]
 total_blobs=1718 nmethods=1449 adapters=182
 compilation: enabled

Compilation events (10 events):
Event: 7.567 Thread 0x0000000015519000 1451       3       com.android.dx.cf.direct.StdAttributeFactory::lineNumberTable (204 bytes)
Event: 7.570 Thread 0x0000000015519000 nmethod 1451 0x00000000033a4010 code [0x00000000033a44c0, 0x00000000033a71b8]
Event: 7.571 Thread 0x0000000015519000 1452       3       com.android.dx.cf.direct.StdAttributeFactory::localVariableTable (98 bytes)
Event: 7.572 Thread 0x0000000015519000 nmethod 1452 0x00000000033a9710 code [0x00000000033a99c0, 0x00000000033aab18]
Event: 7.573 Thread 0x0000000015519000 1453       3       com.android.dx.cf.code.Simulator$SimVisitor::checkReturnType (64 bytes)
Event: 7.574 Thread 0x0000000015519000 nmethod 1453 0x00000000033ab6d0 code [0x00000000033ab920, 0x00000000033ac6a8]
Event: 7.619 Thread 0x00000000154c0800 nmethod 1379 0x00000000033b2a50 code [0x00000000033b2e80, 0x00000000033b5ec0]
Event: 7.620 Thread 0x00000000154c0800 1433       4       com.android.dx.ssa.SsaRenamer$BlockRenamer::processResultReg (56 bytes)
Event: 7.638 Thread 0x00000000154c0800 nmethod 1433 0x00000000033ae3d0 code [0x00000000033ae560, 0x00000000033aece8]
Event: 7.638 Thread 0x00000000154c0800 1415       4       com.android.dx.ssa.LiteralOpUpgrader$1::visitNonMoveInsn (203 bytes)

GC Heap History (2 events):
Event: 6.605 GC heap before
{Heap before GC invocations=1 (full 0):
 PSYoungGen      total 38400K, used 33280K [0x00000000eab00000, 0x00000000ed580000, 0x0000000100000000)
  eden space 33280K, 100% used [0x00000000eab00000,0x00000000ecb80000,0x00000000ecb80000)
  from space 5120K, 0% used [0x00000000ed080000,0x00000000ed080000,0x00000000ed580000)
  to   space 5120K, 0% used [0x00000000ecb80000,0x00000000ecb80000,0x00000000ed080000)
 ParOldGen       total 87552K, used 0K [0x00000000c0000000, 0x00000000c5580000, 0x00000000eab00000)
  object space 87552K, 0% used [0x00000000c0000000,0x00000000c0000000,0x00000000c5580000)
 Metaspace       used 5953K, capacity 6896K, committed 7040K, reserved 1056768K
  class space    used 595K, capacity 616K, committed 640K, reserved 1048576K
Event: 7.295 GC heap after
Heap after GC invocations=1 (full 0):
 PSYoungGen      total 38400K, used 5113K [0x00000000eab00000, 0x00000000ef600000, 0x0000000100000000)
  eden space 33280K, 0% used [0x00000000eab00000,0x00000000eab00000,0x00000000ecb80000)
  from space 5120K, 99% used [0x00000000ecb80000,0x00000000ed07e448,0x00000000ed080000)
  to   space 5120K, 0% used [0x00000000ef100000,0x00000000ef100000,0x00000000ef600000)
 ParOldGen       total 87552K, used 1073K [0x00000000c0000000, 0x00000000c5580000, 0x00000000eab00000)
  object space 87552K, 1% used [0x00000000c0000000,0x00000000c010c520,0x00000000c5580000)
 Metaspace       used 5953K, capacity 6896K, committed 7040K, reserved 1056768K
  class space    used 595K, capacity 616K, committed 640K, reserved 1048576K
}

Deoptimization events (1 events):
Event: 5.816 Thread 0x00000000171c2000 Uncommon trap: reason=unstable_if action=reinterpret pc=0x00000000030e3cdc method=com.android.dx.rop.cst.Constant.compareTo(Lcom/android/dx/rop/cst/Constant;)I @ 12

Internal exceptions (2 events):
Event: 0.175 Thread 0x000000000129d800 Exception <a 'java/lang/NoSuchMethodError': Method sun.misc.Unsafe.defineClass(Ljava/lang/String;[BII)Ljava/lang/Class; name or signature does not match> (0x00000000eab0da88) thrown at [C:\workspace\8-2-build-windows-amd64-cygwin\jdk8u65\4987\hotspot\src\s¾4CÚdÆ?
Event: 0.175 Thread 0x000000000129d800 Exception <a 'java/lang/NoSuchMethodError': Method sun.misc.Unsafe.prefetchRead(Ljava/lang/Object;J)V name or signature does not match> (0x00000000eab0dd70) thrown at [C:\workspace\8-2-build-windows-amd64-cygwin\jdk8u65\4987\hotspot\src\share\vm\prims\jni.

Events (10 events):
Event: 7.530 loading class com/android/dx/cf/attrib/BaseParameterAnnotations
Event: 7.530 loading class com/android/dx/cf/attrib/BaseParameterAnnotations done
Event: 7.535 loading class com/android/dx/dex/file/ParameterAnnotationStruct
Event: 7.535 loading class com/android/dx/dex/file/ParameterAnnotationStruct done
Event: 7.536 loading class com/android/dx/dex/file/UniformListItem
Event: 7.536 loading class com/android/dx/dex/file/UniformListItem done
Event: 7.536 loading class com/android/dx/dex/file/AnnotationSetRefItem
Event: 7.536 loading class com/android/dx/dex/file/AnnotationSetRefItem done
Event: 7.541 loading class com/android/dx/cf/attrib/AttExceptions
Event: 7.541 loading class com/android/dx/cf/attrib/AttExceptions done


Dynamic libraries:
0x00007ff761180000 - 0x00007ff7611b7000 	C:\Program Files\Java\jdk1.8.0_65\bin\java.exe
0x00007ffe24fc0000 - 0x00007ffe25191000 	C:\WINDOWS\SYSTEM32\ntdll.dll
0x00007ffe229f0000 - 0x00007ffe22a9b000 	C:\WINDOWS\System32\KERNEL32.DLL
0x00007ffe21ff0000 - 0x00007ffe2220d000 	C:\WINDOWS\System32\KERNELBASE.dll
0x00007ffe24800000 - 0x00007ffe248a2000 	C:\WINDOWS\System32\ADVAPI32.dll
0x00007ffe22880000 - 0x00007ffe2291e000 	C:\WINDOWS\System32\msvcrt.dll
0x00007ffe23fb0000 - 0x00007ffe24009000 	C:\WINDOWS\System32\sechost.dll
0x00007ffe24a20000 - 0x00007ffe24b41000 	C:\WINDOWS\System32\RPCRT4.dll
0x00007ffe248b0000 - 0x00007ffe24a15000 	C:\WINDOWS\System32\USER32.dll
0x00007ffe21ed0000 - 0x00007ffe21eee000 	C:\WINDOWS\System32\win32u.dll
0x00007ffe24f80000 - 0x00007ffe24fb4000 	C:\WINDOWS\System32\GDI32.dll
0x00007ffe222b0000 - 0x00007ffe22432000 	C:\WINDOWS\System32\gdi32full.dll
0x00007ffe14610000 - 0x00007ffe1488a000 	C:\WINDOWS\WinSxS\amd64_microsoft.windows.common-controls_6595b64144ccf1df_6.0.14393.351_none_4213128bc687e6d3\COMCTL32.dll
0x00007ffe225b0000 - 0x00007ffe22877000 	C:\WINDOWS\System32\combase.dll
0x00007ffe21ef0000 - 0x00007ffe21fe5000 	C:\WINDOWS\System32\ucrtbase.dll
0x00007ffe21c40000 - 0x00007ffe21caa000 	C:\WINDOWS\System32\bcryptPrimitives.dll
0x00007ffe24170000 - 0x00007ffe2419e000 	C:\WINDOWS\System32\IMM32.DLL
0x0000000063510000 - 0x00000000635e2000 	C:\Program Files\Java\jdk1.8.0_65\jre\bin\msvcr100.dll
0x0000000062630000 - 0x0000000062eb9000 	C:\Program Files\Java\jdk1.8.0_65\jre\bin\server\jvm.dll
0x00007ffe24590000 - 0x00007ffe24598000 	C:\WINDOWS\System32\PSAPI.DLL
0x00007ffe13150000 - 0x00007ffe13159000 	C:\WINDOWS\SYSTEM32\WSOCK32.dll
0x00007ffe242f0000 - 0x00007ffe2435a000 	C:\WINDOWS\System32\WS2_32.dll
0x00007ffe1f750000 - 0x00007ffe1f773000 	C:\WINDOWS\SYSTEM32\WINMM.dll
0x00007ffe14c90000 - 0x00007ffe14c9a000 	C:\WINDOWS\SYSTEM32\VERSION.dll
0x00007ffe1f610000 - 0x00007ffe1f63b000 	C:\WINDOWS\SYSTEM32\WINMMBASE.dll
0x00007ffe21e80000 - 0x00007ffe21ec2000 	C:\WINDOWS\System32\cfgmgr32.dll
0x0000000063ef0000 - 0x0000000063eff000 	C:\Program Files\Java\jdk1.8.0_65\jre\bin\verify.dll
0x0000000063ec0000 - 0x0000000063ee9000 	C:\Program Files\Java\jdk1.8.0_65\jre\bin\java.dll
0x0000000063ea0000 - 0x0000000063eb6000 	C:\Program Files\Java\jdk1.8.0_65\jre\bin\zip.dll
0x00007ffe22aa0000 - 0x00007ffe23fa9000 	C:\WINDOWS\System32\SHELL32.dll
0x00007ffe214b0000 - 0x00007ffe21b8a000 	C:\WINDOWS\System32\windows.storage.dll
0x00007ffe21460000 - 0x00007ffe214ac000 	C:\WINDOWS\System32\powrprof.dll
0x00007ffe24010000 - 0x00007ffe24062000 	C:\WINDOWS\System32\shlwapi.dll
0x00007ffe21450000 - 0x00007ffe2145f000 	C:\WINDOWS\System32\kernel.appcore.dll
0x00007ffe21b90000 - 0x00007ffe21c39000 	C:\WINDOWS\System32\shcore.dll
0x00007ffe21420000 - 0x00007ffe21434000 	C:\WINDOWS\System32\profapi.dll

VM Arguments:
jvm_args: -Djava.awt.headless=true -Xmx1024M -Dfile.encoding=windows-1252 -Duser.country=US -Duser.language=en -Duser.variant 
java_command: com.android.dx.command.Main --dex --num-threads=4 --output C:\Transfer\Dropbox\androidstuff\miniSink2\app\build\intermediates\pre-dexed\debug\internal_impl-23.1.1_e4e8217b8a85ab2fb6fccde3f744ad5ead99b565.jar C:\Transfer\Dropbox\androidstuff\miniSink2\app\build\intermediates\exploded-aar\com.android.support\support-v4\23.1.1\jars\libs\internal_impl-23.1.1.jar
java_class_path (initial): C:\Users\sse\AppData\Local\Android\sdk\build-tools\23.0.2\lib\dx.jar
Launcher Type: SUN_STANDARD

Environment Variables:
JAVA_HOME=C:\Program Files\Java\jdk1.8.0_65
PATH=C:\app\sse\product\11.2.0\dbhome_1\bin;C:\Program Files (x86)\Embarcadero\Studio\16.0\bin;C:\Users\Public\Documents\Embarcadero\Studio\16.0\Bpl;C:\Program Files (x86)\Embarcadero\Studio\16.0\bin64;C:\Users\Public\Documents\Embarcadero\Studio\16.0\Bpl\Win64;C:\Program Files (x86)\RSA SecurID Token Common;C:\ProgramData\Oracle\Java\javapath;C:\WINDOWS\system32;C:\WINDOWS;C:\WINDOWS\System32\Wbem;C:\WINDOWS\System32\WindowsPowerShell\v1.0\;C:\Program Files (x86)\WinMerge;C:\Users\sse\.dnx\bin;C:\Program Files\Microsoft DNX\Dnvm\;C:\Program Files\Microsoft SQL Server\120\Tools\Binn\;C:\Program Files (x86)\Windows Kits\10\Windows Performance Toolkit\;C:\Program Files (x86)\nodejs\;C:\Program Files (x86)\Microsoft SQL Server\120\DTS\Binn\;C:\Program Files (x86)\Microsoft SQL Server\Client SDK\ODBC\110\Tools\Binn\;C:\Program Files (x86)\Microsoft SQL Server\120\Tools\Binn\;C:\Program Files (x86)\Microsoft SQL Server\120\Tools\Binn\ManagementStudio\;C:\Users\sse\AppData\Roaming\npm;%USERPROFILE%\AppData\Local\Microsoft\WindowsApps;
USERNAME=sse
OS=Windows_NT
PROCESSOR_IDENTIFIER=Intel64 Family 6 Model 58 Stepping 9, GenuineIntel



---------------  S Y S T E M  ---------------

OS: Windows 10.0 , 64 bit Build 14393 (10.0.14393.0)

CPU:total 4 (2 cores per cpu, 2 threads per core) family 6 model 58 stepping 9, cmov, cx8, fxsr, mmx, sse, sse2, sse3, ssse3, sse4.1, sse4.2, popcnt, avx, aes, clmul, erms, ht, tsc, tscinvbit, tscinv

Memory: 4k page, physical 8264984k(777020k free), swap 14424820k(4256k free)

vm_info: Java HotSpot(TM) 64-Bit Server VM (25.65-b01) for windows-amd64 JRE (1.8.0_65-b17), built on Oct  6 2015 16:39:20 by "java_re" with MS VC++ 10.0 (VS2010)

time: Tue Nov 08 15:39:54 2016
elapsed time: 7 seconds (0d 0h 0m 7s)

